:Monkey: seed=1523773877141 count=200
:AllowPackage: com.pangpangzhu.p2papp.test
:IncludeCategory: android.intent.category.LAUNCHER
:IncludeCategory: android.intent.category.MONKEY
// Selecting main activities from category android.intent.category.LAUNCHER
//   - NOT USING main activity com.android.browser.BrowserActivity (from package com.android.browser)
//   - NOT USING main activity com.android.calendar.homepage.AllInOneActivity (from package com.android.calendar)
//   - NOT USING main activity com.android.camera.Camera (from package com.android.camera)
//   - NOT USING main activity com.android.contacts.activities.PeopleActivity (from package com.android.contacts)
//   - NOT USING main activity com.android.contacts.activities.TwelveKeyDialer (from package com.android.contacts)
//   - NOT USING main activity com.android.deskclock.DeskClockTabActivity (from package com.android.deskclock)
//   - NOT USING main activity com.android.email.activity.Welcome (from package com.android.email)
//   - NOT USING main activity com.android.fileexplorer.FileExplorerTabActivity (from package com.android.fileexplorer)
//   - NOT USING main activity com.android.mms.ui.MmsTabActivity (from package com.android.mms)
//   - NOT USING main activity com.android.settings.MainSettings (from package com.android.settings)
//   - NOT USING main activity com.android.thememanager.ThemeResourceTabActivity (from package com.android.thememanager)
//   - NOT USING main activity com.mipay.wallet.ui.MipayEntryActivity (from package com.mipay.wallet)
//   - NOT USING main activity com.miui.calculator.cal.CalculatorActivity (from package com.miui.calculator)
//   - NOT USING main activity com.miui.gallery.activity.HomePageActivity (from package com.miui.gallery)
//   - NOT USING main activity com.miui.notes.ui.NotesListActivity (from package com.miui.notes)
//   - NOT USING main activity com.miui.weather2.ActivityWeatherMain (from package com.miui.weather2)
//   - NOT USING main activity com.xiaomi.market.ui.MarketTabActivity (from package com.xiaomi.market)
//   - NOT USING main activity com.xiaomi.scanner.app.ScanActivity (from package com.xiaomi.scanner)
//   - NOT USING main activity com.baidu.baidumaps.WelcomeScreen (from package com.baidu.BaiduMap)
//   - NOT USING main activity com.dianping.base.permission.PermissionActivity (from package com.dianping.v1)
//   - NOT USING main activity com.xiaomi.jr.SplashActivity (from package com.xiaomi.jr)
//   - NOT USING main activity com.ximalaya.ting.android.activity.login.WelcomeActivity (from package com.ximalaya.ting.android)
//   - NOT USING main activity com.android.providers.downloads.ui.DownloadList (from package com.android.providers.downloads.ui)
//   - NOT USING main activity com.android.soundrecorder.SoundRecorder (from package com.android.soundrecorder)
//   - NOT USING main activity com.android.stk.StkMain (from package com.android.stk)
//   - NOT USING main activity com.miui.bugreport.ui.MainTabActivity (from package com.miui.bugreport)
//   - NOT USING main activity com.miui.compass.CompassActivity (from package com.miui.compass)
//   - NOT USING main activity com.miui.player.ui.MusicBrowserActivity (from package com.miui.player)
//   - NOT USING main activity com.miui.screenrecorder.activity.ScreenRecorderHomeActivity (from package com.miui.screenrecorder)
//   - NOT USING main activity com.miui.securityscan.MainActivity (from package com.miui.securitycenter)
//   - NOT USING main activity com.miui.video.HomeActivity (from package com.miui.video)
//   - NOT USING main activity com.miui.virtualsim.ui.MainActivity (from package com.miui.virtualsim)
//   - NOT USING main activity com.xiaomi.voiceassistant.CTAAlertActivity (from package com.miui.voiceassist)
//   - NOT USING main activity com.xiaomi.gamecenter.ui.MainTabActivity (from package com.xiaomi.gamecenter)
//   - NOT USING main activity com.xiaomi.vipaccount.ui.home.AccountHomeActivity (from package com.xiaomi.vipaccount)
//   - NOT USING main activity cn.wps.moffice.documentmanager.PreStartActivity (from package cn.wps.moffice_eng)
//   - NOT USING main activity com.mqunar.splash.SplashActivity (from package com.Qunar)
//   - NOT USING main activity com.xiaomi.mitv.phone.remotecontroller.HoriWidgetMainActivityV2 (from package com.duokan.phone.remotecontroller)
//   - NOT USING main activity com.duokan.reader.DkReaderActivity (from package com.duokan.reader)
//   - NOT USING main activity com.immomo.momo.android.activity.WelcomeActivity (from package com.immomo.momo)
//   - NOT USING main activity com.juanpi.ui.JPWelcomeActivity (from package com.juanpi.ui)
//   - NOT USING main activity com.mi.vtalk.business.MiVTalkMainActivity (from package com.mi.vtalk)
//   + Using main activity com.pangpangzhu.p2papp.pangpangpig.welcom.WelcomActivity (from package com.pangpangzhu.p2papp.test)
//   - NOT USING main activity com.qiyi.video.WelcomeActivity (from package com.qiyi.video)
//   - NOT USING main activity com.tencent.sc.activity.RomQzoneSplashActivity (from package com.qzone)
//   - NOT USING main activity com.sina.weibo.SplashActivity (from package com.sina.weibo)
//   - NOT USING main activity com.wali.live.main.LiveMainActivity (from package com.wali.live)
//   - NOT USING main activity com.xiaomi.channel.ui.ChannelLauncherActivity (from package com.xiaomi.channel)
//   - NOT USING main activity com.xiaomi.o2o.activity.O2OTabActivity (from package com.xiaomi.o2o)
//   - NOT USING main activity com.xiaomi.shop.activity.MainTabActivity (from package com.xiaomi.shop)
//   - NOT USING main activity com.xiaomi.smarthome.SmartHomeMainActivity (from package com.xiaomi.smarthome)
//   - NOT USING main activity com.yidian.xiaomi.ui.guide.UserGuideActivity (from package com.yidian.xiaomi)
// Selecting main activities from category android.intent.category.MONKEY
//   - NOT USING main activity com.android.settings.Settings$RunningServicesActivity (from package com.android.settings)
//   - NOT USING main activity com.mipay.wallet.ui.MipayEntryActivity (from package com.mipay.wallet)
//   - NOT USING main activity com.miui.home.launcher.Launcher (from package com.miui.home)
//   - NOT USING main activity com.xiaomi.payment.MiliCenterEntryActivity (from package com.xiaomi.payment)
//   - NOT USING main activity com.miui.virtualsim.monkeyentry.MonkeyActivity (from package com.miui.virtualsim)
//   - NOT USING main activity com.xiaomi.vipaccount.ui.monkeyentry.MonkeyActivity (from package com.xiaomi.vipaccount)
// Seeded: 1523773877141
// Event percentages:
//   0: 15.0%
//   1: 10.0%
//   2: 2.0%
//   3: 15.0%
//   4: -0.0%
//   5: -0.0%
//   6: 25.0%
//   7: 15.0%
//   8: 2.0%
//   9: 2.0%
//   10: 1.0%
//   11: 13.0%
:Switch: #Intent;action=android.intent.action.MAIN;category=android.intent.category.LAUNCHER;launchFlags=0x10200000;component=com.pangpangzhu.p2papp.test/com.pangpangzhu.p2papp.pangpangpig.welcom.WelcomActivity;end
    // Allowing start of Intent { act=android.intent.action.MAIN cat=[android.intent.category.LAUNCHER] cmp=com.pangpangzhu.p2papp.test/com.pangpangzhu.p2papp.pangpangpig.welcom.WelcomActivity } in package com.pangpangzhu.p2papp.test
    // Allowing start of Intent { act=android.intent.action.MAIN cat=[android.intent.category.LAUNCHER] cmp=com.pangpangzhu.p2papp.test/com.pangpangzhu.p2papp.pangpangpig.welcom.WelcomActivity } in package com.pangpangzhu.p2papp.test
Sleeping for 500 milliseconds
:Sending Key (ACTION_DOWN): 20    // KEYCODE_DPAD_DOWN
:Sending Key (ACTION_UP): 20    // KEYCODE_DPAD_DOWN
Sleeping for 500 milliseconds
:Sending Touch (ACTION_DOWN): 0:(29.0,744.0)
:Sending Touch (ACTION_UP): 0:(34.82109,741.9544)
Sleeping for 500 milliseconds
:Sending Touch (ACTION_DOWN): 0:(135.0,1572.0)
:Sending Touch (ACTION_POINTER_DOWN 1): 0:(136.27127,1552.0541) 1:(998.0,449.0)
:Sending Touch (ACTION_MOVE): 0:(137.48866,1539.9395) 1:(978.3086,456.6178)
:Sending Touch (ACTION_MOVE): 0:(138.08675,1537.9532) 1:(976.0459,461.3078)
:Sending Touch (ACTION_MOVE): 0:(139.43083,1528.6074) 1:(966.298,466.4545)
:Sending Touch (ACTION_MOVE): 0:(141.57768,1516.4742) 1:(947.98737,470.9538)
:Sending Touch (ACTION_MOVE): 0:(142.69412,1508.9996) 1:(945.05444,477.52228)
:Sending Touch (ACTION_MOVE): 0:(143.24303,1503.132) 1:(938.80676,480.33215)
:Sending Touch (ACTION_MOVE): 0:(145.63733,1502.4166) 1:(934.8353,489.85565)
:Sending Touch (ACTION_MOVE): 0:(147.5584,1496.3553) 1:(927.0613,496.6536)
:Sending Touch (ACTION_MOVE): 0:(150.07542,1492.2952) 1:(922.3596,504.26596)
:Sending Touch (ACTION_POINTER_UP 1): 0:(151.93921,1479.4554) 1:(903.4858,505.56485)
:Sending Touch (ACTION_UP): 0:(152.56754,1466.1796)
Sleeping for 500 milliseconds
:Switch: #Intent;action=android.intent.action.MAIN;category=android.intent.category.LAUNCHER;launchFlags=0x10200000;component=com.pangpangzhu.p2papp.test/com.pangpangzhu.p2papp.pangpangpig.welcom.WelcomActivity;end
    // Allowing start of Intent { act=android.intent.action.MAIN cat=[android.intent.category.LAUNCHER] cmp=com.pangpangzhu.p2papp.test/com.pangpangzhu.p2papp.pangpangpig.welcom.WelcomActivity } in package com.pangpangzhu.p2papp.test
    // Allowing start of Intent { act=android.intent.action.MAIN cat=[android.intent.category.LAUNCHER] cmp=com.pangpangzhu.p2papp.test/com.pangpangzhu.p2papp.pangpangpig.welcom.WelcomActivity } in package com.pangpangzhu.p2papp.test
Sleeping for 500 milliseconds
:Sending Trackball (ACTION_MOVE): 0:(4.0,-5.0)
:Sending Trackball (ACTION_MOVE): 0:(4.0,2.0)
:Sending Trackball (ACTION_MOVE): 0:(1.0,1.0)
:Sending Trackball (ACTION_MOVE): 0:(-1.0,-4.0)
:Sending Trackball (ACTION_MOVE): 0:(4.0,4.0)
:Sending Trackball (ACTION_MOVE): 0:(4.0,-4.0)
:Sending Trackball (ACTION_MOVE): 0:(2.0,4.0)
:Sending Trackball (ACTION_MOVE): 0:(-2.0,0.0)
:Sending Trackball (ACTION_MOVE): 0:(-5.0,0.0)
:Sending Trackball (ACTION_MOVE): 0:(1.0,4.0)
:Sending Touch (ACTION_DOWN): 0:(684.0,1109.0)
:Sending Touch (ACTION_UP): 0:(678.0979,1106.5386)
Sleeping for 500 milliseconds
:Sending Key (ACTION_DOWN): 19    // KEYCODE_DPAD_UP
:Sending Key (ACTION_UP): 19    // KEYCODE_DPAD_UP
Sleeping for 500 milliseconds
:Sending Key (ACTION_DOWN): 70    // KEYCODE_EQUALS
:Sending Key (ACTION_UP): 70    // KEYCODE_EQUALS
Sleeping for 500 milliseconds
:Sending Touch (ACTION_DOWN): 0:(514.0,1738.0)
:Sending Touch (ACTION_MOVE): 0:(506.7225,1738.594)
:Sending Touch (ACTION_MOVE): 0:(499.47955,1742.1283)
:Sending Touch (ACTION_MOVE): 0:(485.07602,1745.6942)
:Sending Touch (ACTION_MOVE): 0:(465.8513,1749.0281)
:Sending Touch (ACTION_MOVE): 0:(450.8739,1749.6017)
:Sending Touch (ACTION_MOVE): 0:(438.54846,1754.0308)
:Sending Touch (ACTION_MOVE): 0:(429.8491,1754.458)
:Sending Touch (ACTION_MOVE): 0:(410.7067,1757.9745)
:Sending Touch (ACTION_UP): 0:(406.36652,1758.7606)
Sleeping for 500 milliseconds
:Sending Touch (ACTION_DOWN): 0:(525.0,123.0)
:Sending Touch (ACTION_UP): 0:(521.3295,130.61363)
Sleeping for 500 milliseconds
    // Allowing start of Intent { cmp=com.pangpangzhu.p2papp.test/com.pangpangzhu.p2papp.pangpangpig.transactiondetails.activity.TransactionDetailsActivity } in package com.pangpangzhu.p2papp.test
    // Allowing start of Intent { cmp=com.pangpangzhu.p2papp.test/com.pangpangzhu.p2papp.pangpangpig.transactiondetails.activity.TransactionDetailsActivity } in package com.pangpangzhu.p2papp.test
:Sending Touch (ACTION_DOWN): 0:(774.0,1382.0)
:Sending Touch (ACTION_UP): 0:(774.83636,1403.8064)
Sleeping for 500 milliseconds
:Sending Key (ACTION_DOWN): 2    // KEYCODE_SOFT_RIGHT
:Sending Key (ACTION_UP): 2    // KEYCODE_SOFT_RIGHT
Sleeping for 500 milliseconds
:Sending Key (ACTION_DOWN): 19    // KEYCODE_DPAD_UP
:Sending Key (ACTION_UP): 19    // KEYCODE_DPAD_UP
Sleeping for 500 milliseconds
:Sending Touch (ACTION_DOWN): 0:(822.0,439.0)
:Sending Touch (ACTION_UP): 0:(805.75385,444.1849)
Sleeping for 500 milliseconds
:Sending Touch (ACTION_DOWN): 0:(722.0,1155.0)
:Sending Touch (ACTION_MOVE): 0:(714.4718,1156.1141)
:Sending Touch (ACTION_MOVE): 0:(708.74634,1161.0524)
:Sending Touch (ACTION_MOVE): 0:(708.5782,1161.6614)
:Sending Touch (ACTION_MOVE): 0:(706.5866,1162.0393)
:Sending Touch (ACTION_MOVE): 0:(698.4374,1167.4243)
:Sending Touch (ACTION_MOVE): 0:(690.7911,1171.4937)
:Sending Touch (ACTION_MOVE): 0:(688.8241,1174.0616)
:Sending Touch (ACTION_MOVE): 0:(685.5599,1175.3519)
:Sending Touch (ACTION_UP): 0:(675.1822,1182.3716)
Sleeping for 500 milliseconds
:Sending Key (ACTION_DOWN): 23    // KEYCODE_DPAD_CENTER
:Sending Key (ACTION_UP): 23    // KEYCODE_DPAD_CENTER
Sleeping for 500 milliseconds
:Sending Key (ACTION_DOWN): 22    // KEYCODE_DPAD_RIGHT
:Sending Key (ACTION_UP): 22    // KEYCODE_DPAD_RIGHT
Sleeping for 500 milliseconds
:Sending Key (ACTION_DOWN): 82    // KEYCODE_MENU
:Sending Key (ACTION_UP): 82    // KEYCODE_MENU
Sleeping for 500 milliseconds
    // Rejecting start of Intent { cmp=com.android.systemui/.recents.RecentsActivity } in package com.android.systemui
:Switch: #Intent;action=android.intent.action.MAIN;category=android.intent.category.LAUNCHER;launchFlags=0x10200000;component=com.pangpangzhu.p2papp.test/com.pangpangzhu.p2papp.pangpangpig.welcom.WelcomActivity;end
    // Allowing start of Intent { act=android.intent.action.MAIN cat=[android.intent.category.LAUNCHER] cmp=com.pangpangzhu.p2papp.test/com.pangpangzhu.p2papp.pangpangpig.welcom.WelcomActivity } in package com.pangpangzhu.p2papp.test
    // Allowing start of Intent { act=android.intent.action.MAIN cat=[android.intent.category.LAUNCHER] cmp=com.pangpangzhu.p2papp.test/com.pangpangzhu.p2papp.pangpangpig.welcom.WelcomActivity } in package com.pangpangzhu.p2papp.test
Sleeping for 500 milliseconds
:Sending Touch (ACTION_DOWN): 0:(852.0,799.0)
:Sending Touch (ACTION_UP): 0:(851.91986,798.55115)
Sleeping for 500 milliseconds
:Sending Key (ACTION_DOWN): 21    // KEYCODE_DPAD_LEFT
:Sending Key (ACTION_UP): 21    // KEYCODE_DPAD_LEFT
Sleeping for 500 milliseconds
:Sending Key (ACTION_DOWN): 82    // KEYCODE_MENU
:Sending Key (ACTION_UP): 82    // KEYCODE_MENU
Sleeping for 500 milliseconds
    // Rejecting start of Intent { cmp=com.android.systemui/.recents.RecentsActivity } in package com.android.systemui
:Sending Key (ACTION_DOWN): 21    // KEYCODE_DPAD_LEFT
:Sending Key (ACTION_UP): 21    // KEYCODE_DPAD_LEFT
Sleeping for 500 milliseconds
:Sending Trackball (ACTION_MOVE): 0:(4.0,-5.0)
:Sending Trackball (ACTION_MOVE): 0:(4.0,-2.0)
:Sending Trackball (ACTION_MOVE): 0:(1.0,-2.0)
:Sending Trackball (ACTION_MOVE): 0:(-5.0,2.0)
:Sending Trackball (ACTION_MOVE): 0:(4.0,1.0)
:Sending Trackball (ACTION_MOVE): 0:(-2.0,-1.0)
:Sending Trackball (ACTION_MOVE): 0:(-2.0,-1.0)
:Sending Trackball (ACTION_MOVE): 0:(1.0,0.0)
:Sending Trackball (ACTION_MOVE): 0:(-1.0,1.0)
:Sending Trackball (ACTION_MOVE): 0:(1.0,3.0)
:Sending Trackball (ACTION_MOVE): 0:(-1.0,-1.0)
:Sending Trackball (ACTION_MOVE): 0:(-3.0,-5.0)
:Sending Trackball (ACTION_MOVE): 0:(-3.0,0.0)
:Sending Trackball (ACTION_MOVE): 0:(-2.0,0.0)
:Sending Trackball (ACTION_MOVE): 0:(4.0,3.0)
:Sending Trackball (ACTION_MOVE): 0:(-3.0,3.0)
:Sending Trackball (ACTION_MOVE): 0:(-4.0,-3.0)
:Sending Trackball (ACTION_MOVE): 0:(-5.0,-5.0)
:Sending Trackball (ACTION_MOVE): 0:(-5.0,4.0)
:Sending Trackball (ACTION_MOVE): 0:(0.0,3.0)
    //[calendar_time:2018-04-13 17:39:29.462  system_uptime:2220872]
    // Sending event #100
:Sending Touch (ACTION_DOWN): 0:(450.0,495.0)
:Sending Touch (ACTION_UP): 0:(444.5092,503.21948)
Sleeping for 500 milliseconds
:Sending Trackball (ACTION_MOVE): 0:(0.0,4.0)
:Sending Trackball (ACTION_MOVE): 0:(3.0,-2.0)
:Sending Trackball (ACTION_MOVE): 0:(-4.0,0.0)
:Sending Trackball (ACTION_MOVE): 0:(4.0,-5.0)
:Sending Trackball (ACTION_MOVE): 0:(3.0,-1.0)
:Sending Trackball (ACTION_MOVE): 0:(4.0,3.0)
:Sending Trackball (ACTION_MOVE): 0:(2.0,-4.0)
:Sending Trackball (ACTION_MOVE): 0:(2.0,3.0)
:Sending Trackball (ACTION_MOVE): 0:(0.0,1.0)
:Sending Trackball (ACTION_MOVE): 0:(4.0,-3.0)
:Sending Touch (ACTION_DOWN): 0:(261.0,1295.0)
:Sending Touch (ACTION_MOVE): 0:(265.28284,1288.1537)
:Sending Touch (ACTION_MOVE): 0:(268.69217,1285.1825)
:Sending Touch (ACTION_MOVE): 0:(271.13177,1277.5918)
:Sending Touch (ACTION_MOVE): 0:(271.66925,1264.6558)
:Sending Touch (ACTION_MOVE): 0:(273.2197,1262.18)
:Sending Touch (ACTION_UP): 0:(277.67987,1262.1659)
Sleeping for 500 milliseconds
:Sending Trackball (ACTION_MOVE): 0:(3.0,0.0)
:Sending Trackball (ACTION_MOVE): 0:(4.0,-5.0)
:Sending Trackball (ACTION_MOVE): 0:(-3.0,3.0)
:Sending Trackball (ACTION_MOVE): 0:(-3.0,-3.0)
:Sending Trackball (ACTION_MOVE): 0:(-4.0,-5.0)
:Sending Trackball (ACTION_MOVE): 0:(0.0,4.0)
:Sending Trackball (ACTION_MOVE): 0:(3.0,-4.0)
:Sending Trackball (ACTION_MOVE): 0:(2.0,0.0)
:Sending Trackball (ACTION_MOVE): 0:(-1.0,-3.0)
:Sending Trackball (ACTION_MOVE): 0:(3.0,-3.0)
:Sending Key (ACTION_DOWN): 22    // KEYCODE_DPAD_RIGHT
:Sending Key (ACTION_UP): 22    // KEYCODE_DPAD_RIGHT
Sleeping for 500 milliseconds
:Sending Key (ACTION_DOWN): 82    // KEYCODE_MENU
:Sending Key (ACTION_UP): 82    // KEYCODE_MENU
Sleeping for 500 milliseconds
    // Rejecting start of Intent { cmp=com.android.systemui/.recents.RecentsActivity } in package com.android.systemui
:Sending Key (ACTION_DOWN): 126    // KEYCODE_MEDIA_PLAY
:Sending Key (ACTION_UP): 126    // KEYCODE_MEDIA_PLAY
Sleeping for 500 milliseconds
:Sending Key (ACTION_DOWN): 206    // KEYCODE_3D_MODE
:Sending Key (ACTION_UP): 206    // KEYCODE_3D_MODE
Sleeping for 500 milliseconds
:Sending Key (ACTION_DOWN): 244    // KEYCODE_TV_INPUT_HDMI_2
:Sending Key (ACTION_UP): 244    // KEYCODE_TV_INPUT_HDMI_2
Sleeping for 500 milliseconds
:Sending Key (ACTION_DOWN): 21    // KEYCODE_DPAD_LEFT
:Sending Key (ACTION_UP): 21    // KEYCODE_DPAD_LEFT
Sleeping for 500 milliseconds
:Sending Key (ACTION_DOWN): 19    // KEYCODE_DPAD_UP
:Sending Key (ACTION_UP): 19    // KEYCODE_DPAD_UP
Sleeping for 500 milliseconds
:Sending Touch (ACTION_DOWN): 0:(842.0,1588.0)
:Sending Touch (ACTION_UP): 0:(860.5894,1594.7491)
Sleeping for 500 milliseconds
:Sending Touch (ACTION_DOWN): 0:(38.0,713.0)
:Sending Touch (ACTION_UP): 0:(39.978806,714.78107)
Sleeping for 500 milliseconds
:Sending Key (ACTION_DOWN): 23    // KEYCODE_DPAD_CENTER
:Sending Key (ACTION_UP): 23    // KEYCODE_DPAD_CENTER
Sleeping for 500 milliseconds
:Sending Key (ACTION_DOWN): 19    // KEYCODE_DPAD_UP
:Sending Key (ACTION_UP): 19    // KEYCODE_DPAD_UP
Sleeping for 500 milliseconds
:Sending Key (ACTION_DOWN): 19    // KEYCODE_DPAD_UP
:Sending Key (ACTION_UP): 19    // KEYCODE_DPAD_UP
Sleeping for 500 milliseconds
:Sending Touch (ACTION_DOWN): 0:(34.0,837.0)
:Sending Touch (ACTION_UP): 0:(42.489204,850.495)
Sleeping for 500 milliseconds
:Sending Touch (ACTION_DOWN): 0:(476.0,1884.0)
:Sending Touch (ACTION_UP): 0:(476.89627,1898.3624)
Sleeping for 500 milliseconds
:Sending Touch (ACTION_DOWN): 0:(2.0,318.0)
:Sending Touch (ACTION_UP): 0:(0.0,317.35324)
Sleeping for 500 milliseconds
:Sending Key (ACTION_DOWN): 139    // KEYCODE_F9
:Sending Key (ACTION_UP): 139    // KEYCODE_F9
Sleeping for 500 milliseconds
:Sending Touch (ACTION_DOWN): 0:(524.0,1336.0)
:Sending Touch (ACTION_UP): 0:(512.2264,1339.4865)
Sleeping for 500 milliseconds
:Sending Key (ACTION_DOWN): 82    // KEYCODE_MENU
:Sending Key (ACTION_UP): 82    // KEYCODE_MENU
Sleeping for 500 milliseconds
    // Rejecting start of Intent { cmp=com.android.systemui/.recents.RecentsActivity } in package com.android.systemui
:Sending Touch (ACTION_DOWN): 0:(455.0,1470.0)
:Sending Touch (ACTION_UP): 0:(460.57993,1480.1338)
Sleeping for 500 milliseconds
:Sending Key (ACTION_DOWN): 19    // KEYCODE_DPAD_UP
:Sending Key (ACTION_UP): 19    // KEYCODE_DPAD_UP
Sleeping for 500 milliseconds
:Sending Key (ACTION_DOWN): 23    // KEYCODE_DPAD_CENTER
:Sending Key (ACTION_UP): 23    // KEYCODE_DPAD_CENTER
Sleeping for 500 milliseconds
:Sending Touch (ACTION_DOWN): 0:(506.0,1846.0)
:Sending Touch (ACTION_UP): 0:(526.73615,1857.1764)
Sleeping for 500 milliseconds
:Sending Key (ACTION_DOWN): 21    // KEYCODE_DPAD_LEFT
:Sending Key (ACTION_UP): 21    // KEYCODE_DPAD_LEFT
Sleeping for 500 milliseconds
:Sending Key (ACTION_DOWN): 19    // KEYCODE_DPAD_UP
:Sending Key (ACTION_UP): 19    // KEYCODE_DPAD_UP
Sleeping for 500 milliseconds
:Sending Key (ACTION_DOWN): 82    // KEYCODE_MENU
:Sending Key (ACTION_UP): 82    // KEYCODE_MENU
Sleeping for 500 milliseconds
    // Rejecting start of Intent { cmp=com.android.systemui/.recents.RecentsActivity } in package com.android.systemui
:Sending Trackball (ACTION_MOVE): 0:(1.0,-5.0)
:Sending Trackball (ACTION_MOVE): 0:(-4.0,1.0)
:Sending Trackball (ACTION_MOVE): 0:(1.0,1.0)
:Sending Trackball (ACTION_MOVE): 0:(1.0,-4.0)
:Sending Trackball (ACTION_MOVE): 0:(-4.0,-5.0)
:Sending Trackball (ACTION_MOVE): 0:(-2.0,2.0)
:Sending Trackball (ACTION_MOVE): 0:(-5.0,2.0)
:Sending Trackball (ACTION_MOVE): 0:(0.0,-3.0)
:Sending Trackball (ACTION_MOVE): 0:(4.0,-2.0)
:Sending Trackball (ACTION_MOVE): 0:(-2.0,-3.0)
:Sending Key (ACTION_DOWN): 21    // KEYCODE_DPAD_LEFT
:Sending Key (ACTION_UP): 21    // KEYCODE_DPAD_LEFT
Sleeping for 500 milliseconds
:Sending Trackball (ACTION_MOVE): 0:(4.0,-4.0)
:Sending Trackball (ACTION_MOVE): 0:(-1.0,-4.0)
:Sending Trackball (ACTION_MOVE): 0:(-4.0,1.0)
:Sending Trackball (ACTION_MOVE): 0:(-3.0,-1.0)
:Sending Trackball (ACTION_MOVE): 0:(-2.0,4.0)
:Sending Trackball (ACTION_MOVE): 0:(-1.0,-3.0)
:Sending Trackball (ACTION_MOVE): 0:(-4.0,-2.0)
:Sending Trackball (ACTION_MOVE): 0:(2.0,-1.0)
:Sending Trackball (ACTION_MOVE): 0:(0.0,-2.0)
Events injected: 200
:Sending rotation degree=0, persist=false
:Dropped: keys=0 pointers=0 trackballs=0 flips=0 rotations=0
## Network stats: elapsed time=26712ms (0ms mobile, 0ms wifi, 26712ms not connected)
// Monkey finished
