:Monkey: seed=1523871122972 count=200
:AllowPackage: com.pangpangzhu.p2papp
:IncludeCategory: android.intent.category.LAUNCHER
:IncludeCategory: android.intent.category.MONKEY
// Selecting main activities from category android.intent.category.LAUNCHER
//   - NOT USING main activity com.android.browser.BrowserActivity (from package com.android.browser)
//   - NOT USING main activity com.android.calendar.homepage.AllInOneActivity (from package com.android.calendar)
//   - NOT USING main activity com.android.camera.Camera (from package com.android.camera)
//   - NOT USING main activity com.android.contacts.activities.PeopleActivity (from package com.android.contacts)
//   - NOT USING main activity com.android.contacts.activities.TwelveKeyDialer (from package com.android.contacts)
//   - NOT USING main activity com.android.deskclock.DeskClockTabActivity (from package com.android.deskclock)
//   - NOT USING main activity com.android.email.activity.Welcome (from package com.android.email)
//   - NOT USING main activity com.android.fileexplorer.FileExplorerTabActivity (from package com.android.fileexplorer)
//   - NOT USING main activity com.android.mms.ui.MmsTabActivity (from package com.android.mms)
//   - NOT USING main activity com.android.settings.MainSettings (from package com.android.settings)
//   - NOT USING main activity com.android.thememanager.ThemeResourceTabActivity (from package com.android.thememanager)
//   - NOT USING main activity com.mipay.wallet.ui.MipayEntryActivity (from package com.mipay.wallet)
//   - NOT USING main activity com.miui.calculator.cal.CalculatorActivity (from package com.miui.calculator)
//   - NOT USING main activity com.miui.gallery.activity.HomePageActivity (from package com.miui.gallery)
//   - NOT USING main activity com.miui.notes.ui.NotesListActivity (from package com.miui.notes)
//   - NOT USING main activity com.miui.weather2.ActivityWeatherMain (from package com.miui.weather2)
//   - NOT USING main activity com.xiaomi.market.ui.MarketTabActivity (from package com.xiaomi.market)
//   - NOT USING main activity com.xiaomi.scanner.app.ScanActivity (from package com.xiaomi.scanner)
//   - NOT USING main activity com.baidu.baidumaps.WelcomeScreen (from package com.baidu.BaiduMap)
//   - NOT USING main activity com.dianping.base.permission.PermissionActivity (from package com.dianping.v1)
//   - NOT USING main activity com.xiaomi.jr.SplashActivity (from package com.xiaomi.jr)
//   - NOT USING main activity com.ximalaya.ting.android.activity.login.WelcomeActivity (from package com.ximalaya.ting.android)
//   - NOT USING main activity com.android.providers.downloads.ui.DownloadList (from package com.android.providers.downloads.ui)
//   - NOT USING main activity com.android.soundrecorder.SoundRecorder (from package com.android.soundrecorder)
//   - NOT USING main activity com.android.stk.StkMain (from package com.android.stk)
//   - NOT USING main activity com.miui.bugreport.ui.MainTabActivity (from package com.miui.bugreport)
//   - NOT USING main activity com.miui.compass.CompassActivity (from package com.miui.compass)
//   - NOT USING main activity com.miui.player.ui.MusicBrowserActivity (from package com.miui.player)
//   - NOT USING main activity com.miui.screenrecorder.activity.ScreenRecorderHomeActivity (from package com.miui.screenrecorder)
//   - NOT USING main activity com.miui.securityscan.MainActivity (from package com.miui.securitycenter)
//   - NOT USING main activity com.miui.video.HomeActivity (from package com.miui.video)
//   - NOT USING main activity com.miui.virtualsim.ui.MainActivity (from package com.miui.virtualsim)
//   - NOT USING main activity com.xiaomi.voiceassistant.CTAAlertActivity (from package com.miui.voiceassist)
//   - NOT USING main activity com.xiaomi.gamecenter.ui.MainTabActivity (from package com.xiaomi.gamecenter)
//   - NOT USING main activity com.xiaomi.vipaccount.ui.home.AccountHomeActivity (from package com.xiaomi.vipaccount)
//   - NOT USING main activity cn.wps.moffice.documentmanager.PreStartActivity (from package cn.wps.moffice_eng)
//   - NOT USING main activity com.mqunar.splash.SplashActivity (from package com.Qunar)
//   - NOT USING main activity com.xiaomi.mitv.phone.remotecontroller.HoriWidgetMainActivityV2 (from package com.duokan.phone.remotecontroller)
//   - NOT USING main activity com.duokan.reader.DkReaderActivity (from package com.duokan.reader)
//   - NOT USING main activity com.immomo.momo.android.activity.WelcomeActivity (from package com.immomo.momo)
//   - NOT USING main activity com.juanpi.ui.JPWelcomeActivity (from package com.juanpi.ui)
//   - NOT USING main activity com.mi.vtalk.business.MiVTalkMainActivity (from package com.mi.vtalk)
//   - NOT USING main activity com.pangpangzhu.p2papp.pangpangpig.welcom.WelcomActivity (from package com.pangpangzhu.p2papp.test)
//   - NOT USING main activity com.qiyi.video.WelcomeActivity (from package com.qiyi.video)
//   - NOT USING main activity com.tencent.sc.activity.RomQzoneSplashActivity (from package com.qzone)
//   - NOT USING main activity com.sina.weibo.SplashActivity (from package com.sina.weibo)
//   - NOT USING main activity com.wali.live.main.LiveMainActivity (from package com.wali.live)
//   - NOT USING main activity com.xiaomi.channel.ui.ChannelLauncherActivity (from package com.xiaomi.channel)
//   - NOT USING main activity com.xiaomi.o2o.activity.O2OTabActivity (from package com.xiaomi.o2o)
//   - NOT USING main activity com.xiaomi.shop.activity.MainTabActivity (from package com.xiaomi.shop)
//   - NOT USING main activity com.xiaomi.smarthome.SmartHomeMainActivity (from package com.xiaomi.smarthome)
//   - NOT USING main activity com.yidian.xiaomi.ui.guide.UserGuideActivity (from package com.yidian.xiaomi)
// Selecting main activities from category android.intent.category.MONKEY
//   - NOT USING main activity com.android.settings.Settings$RunningServicesActivity (from package com.android.settings)
//   - NOT USING main activity com.mipay.wallet.ui.MipayEntryActivity (from package com.mipay.wallet)
//   - NOT USING main activity com.miui.home.launcher.Launcher (from package com.miui.home)
//   - NOT USING main activity com.xiaomi.payment.MiliCenterEntryActivity (from package com.xiaomi.payment)
//   - NOT USING main activity com.miui.virtualsim.monkeyentry.MonkeyActivity (from package com.miui.virtualsim)
//   - NOT USING main activity com.xiaomi.vipaccount.ui.monkeyentry.MonkeyActivity (from package com.xiaomi.vipaccount)
** No activities found to run, monkey aborted.
