:Monkey: seed=1523718191831 count=200
:AllowPackage: com.pangpangzhu.p2papp.test
:IncludeCategory: android.intent.category.LAUNCHER
:IncludeCategory: android.intent.category.MONKEY
// Selecting main activities from category android.intent.category.LAUNCHER
//   - NOT USING main activity com.android.browser.BrowserActivity (from package com.android.browser)
//   - NOT USING main activity com.android.calendar.homepage.AllInOneActivity (from package com.android.calendar)
//   - NOT USING main activity com.android.camera.Camera (from package com.android.camera)
//   - NOT USING main activity com.android.contacts.activities.PeopleActivity (from package com.android.contacts)
//   - NOT USING main activity com.android.contacts.activities.TwelveKeyDialer (from package com.android.contacts)
//   - NOT USING main activity com.android.deskclock.DeskClockTabActivity (from package com.android.deskclock)
//   - NOT USING main activity com.android.email.activity.Welcome (from package com.android.email)
//   - NOT USING main activity com.android.fileexplorer.FileExplorerTabActivity (from package com.android.fileexplorer)
//   - NOT USING main activity com.android.mms.ui.MmsTabActivity (from package com.android.mms)
//   - NOT USING main activity com.android.settings.MainSettings (from package com.android.settings)
//   - NOT USING main activity com.android.thememanager.ThemeResourceTabActivity (from package com.android.thememanager)
//   - NOT USING main activity com.mipay.wallet.ui.MipayEntryActivity (from package com.mipay.wallet)
//   - NOT USING main activity com.miui.calculator.cal.CalculatorActivity (from package com.miui.calculator)
//   - NOT USING main activity com.miui.gallery.activity.HomePageActivity (from package com.miui.gallery)
//   - NOT USING main activity com.miui.notes.ui.NotesListActivity (from package com.miui.notes)
//   - NOT USING main activity com.miui.weather2.ActivityWeatherMain (from package com.miui.weather2)
//   - NOT USING main activity com.xiaomi.market.ui.MarketTabActivity (from package com.xiaomi.market)
//   - NOT USING main activity com.xiaomi.scanner.app.ScanActivity (from package com.xiaomi.scanner)
//   - NOT USING main activity com.baidu.baidumaps.WelcomeScreen (from package com.baidu.BaiduMap)
//   - NOT USING main activity com.dianping.base.permission.PermissionActivity (from package com.dianping.v1)
//   - NOT USING main activity com.xiaomi.jr.SplashActivity (from package com.xiaomi.jr)
//   - NOT USING main activity com.ximalaya.ting.android.activity.login.WelcomeActivity (from package com.ximalaya.ting.android)
//   - NOT USING main activity com.android.providers.downloads.ui.DownloadList (from package com.android.providers.downloads.ui)
//   - NOT USING main activity com.android.soundrecorder.SoundRecorder (from package com.android.soundrecorder)
//   - NOT USING main activity com.android.stk.StkMain (from package com.android.stk)
//   - NOT USING main activity com.miui.bugreport.ui.MainTabActivity (from package com.miui.bugreport)
//   - NOT USING main activity com.miui.compass.CompassActivity (from package com.miui.compass)
//   - NOT USING main activity com.miui.player.ui.MusicBrowserActivity (from package com.miui.player)
//   - NOT USING main activity com.miui.screenrecorder.activity.ScreenRecorderHomeActivity (from package com.miui.screenrecorder)
//   - NOT USING main activity com.miui.securityscan.MainActivity (from package com.miui.securitycenter)
//   - NOT USING main activity com.miui.video.HomeActivity (from package com.miui.video)
//   - NOT USING main activity com.miui.virtualsim.ui.MainActivity (from package com.miui.virtualsim)
//   - NOT USING main activity com.xiaomi.voiceassistant.CTAAlertActivity (from package com.miui.voiceassist)
//   - NOT USING main activity com.xiaomi.gamecenter.ui.MainTabActivity (from package com.xiaomi.gamecenter)
//   - NOT USING main activity com.xiaomi.vipaccount.ui.home.AccountHomeActivity (from package com.xiaomi.vipaccount)
//   - NOT USING main activity cn.wps.moffice.documentmanager.PreStartActivity (from package cn.wps.moffice_eng)
//   - NOT USING main activity com.mqunar.splash.SplashActivity (from package com.Qunar)
//   - NOT USING main activity com.xiaomi.mitv.phone.remotecontroller.HoriWidgetMainActivityV2 (from package com.duokan.phone.remotecontroller)
//   - NOT USING main activity com.duokan.reader.DkReaderActivity (from package com.duokan.reader)
//   - NOT USING main activity com.immomo.momo.android.activity.WelcomeActivity (from package com.immomo.momo)
//   - NOT USING main activity com.juanpi.ui.JPWelcomeActivity (from package com.juanpi.ui)
//   - NOT USING main activity com.mi.vtalk.business.MiVTalkMainActivity (from package com.mi.vtalk)
//   + Using main activity com.pangpangzhu.p2papp.pangpangpig.welcom.WelcomActivity (from package com.pangpangzhu.p2papp.test)
//   - NOT USING main activity com.qiyi.video.WelcomeActivity (from package com.qiyi.video)
//   - NOT USING main activity com.tencent.sc.activity.RomQzoneSplashActivity (from package com.qzone)
//   - NOT USING main activity com.sina.weibo.SplashActivity (from package com.sina.weibo)
//   - NOT USING main activity com.wali.live.main.LiveMainActivity (from package com.wali.live)
//   - NOT USING main activity com.xiaomi.channel.ui.ChannelLauncherActivity (from package com.xiaomi.channel)
//   - NOT USING main activity com.xiaomi.o2o.activity.O2OTabActivity (from package com.xiaomi.o2o)
//   - NOT USING main activity com.xiaomi.shop.activity.MainTabActivity (from package com.xiaomi.shop)
//   - NOT USING main activity com.xiaomi.smarthome.SmartHomeMainActivity (from package com.xiaomi.smarthome)
//   - NOT USING main activity com.yidian.xiaomi.ui.guide.UserGuideActivity (from package com.yidian.xiaomi)
// Selecting main activities from category android.intent.category.MONKEY
//   - NOT USING main activity com.android.settings.Settings$RunningServicesActivity (from package com.android.settings)
//   - NOT USING main activity com.mipay.wallet.ui.MipayEntryActivity (from package com.mipay.wallet)
//   - NOT USING main activity com.miui.home.launcher.Launcher (from package com.miui.home)
//   - NOT USING main activity com.xiaomi.payment.MiliCenterEntryActivity (from package com.xiaomi.payment)
//   - NOT USING main activity com.miui.virtualsim.monkeyentry.MonkeyActivity (from package com.miui.virtualsim)
//   - NOT USING main activity com.xiaomi.vipaccount.ui.monkeyentry.MonkeyActivity (from package com.xiaomi.vipaccount)
// Seeded: 1523718191831
// Event percentages:
//   0: 15.0%
//   1: 10.0%
//   2: 2.0%
//   3: 15.0%
//   4: -0.0%
//   5: -0.0%
//   6: 25.0%
//   7: 15.0%
//   8: 2.0%
//   9: 2.0%
//   10: 1.0%
//   11: 13.0%
:Switch: #Intent;action=android.intent.action.MAIN;category=android.intent.category.LAUNCHER;launchFlags=0x10200000;component=com.pangpangzhu.p2papp.test/com.pangpangzhu.p2papp.pangpangpig.welcom.WelcomActivity;end
    // Allowing start of Intent { act=android.intent.action.MAIN cat=[android.intent.category.LAUNCHER] cmp=com.pangpangzhu.p2papp.test/com.pangpangzhu.p2papp.pangpangpig.welcom.WelcomActivity } in package com.pangpangzhu.p2papp.test
    // Allowing start of Intent { act=android.intent.action.MAIN cat=[android.intent.category.LAUNCHER] cmp=com.pangpangzhu.p2papp.test/com.pangpangzhu.p2papp.pangpangpig.welcom.WelcomActivity } in package com.pangpangzhu.p2papp.test
Sleeping for 500 milliseconds
:Sending Key (ACTION_DOWN): 82    // KEYCODE_MENU
:Sending Key (ACTION_UP): 82    // KEYCODE_MENU
Sleeping for 500 milliseconds
    // Rejecting start of Intent { cmp=com.android.systemui/.recents.RecentsActivity } in package com.android.systemui
:Sending Touch (ACTION_DOWN): 0:(592.0,1212.0)
:Sending Touch (ACTION_MOVE): 0:(588.05664,1230.9446)
:Sending Touch (ACTION_MOVE): 0:(578.03955,1239.4316)
:Sending Touch (ACTION_MOVE): 0:(568.29517,1248.9736)
:Sending Touch (ACTION_MOVE): 0:(567.64105,1254.0618)
:Sending Touch (ACTION_UP): 0:(558.128,1273.6262)
Sleeping for 500 milliseconds
:Sending Key (ACTION_DOWN): 21    // KEYCODE_DPAD_LEFT
:Sending Key (ACTION_UP): 21    // KEYCODE_DPAD_LEFT
Sleeping for 500 milliseconds
:Sending Touch (ACTION_DOWN): 0:(355.0,414.0)
:Sending Touch (ACTION_MOVE): 0:(364.40384,414.1553)
:Sending Touch (ACTION_MOVE): 0:(372.97354,417.6335)
:Sending Touch (ACTION_MOVE): 0:(379.82977,419.98337)
:Sending Touch (ACTION_MOVE): 0:(382.0144,422.7764)
:Sending Touch (ACTION_MOVE): 0:(391.51086,426.1574)
:Sending Touch (ACTION_MOVE): 0:(399.03976,427.23285)
:Sending Touch (ACTION_MOVE): 0:(401.5474,430.46567)
:Sending Touch (ACTION_MOVE): 0:(403.84006,433.34467)
:Sending Touch (ACTION_UP): 0:(405.32956,434.85132)
Sleeping for 500 milliseconds
:Sending Trackball (ACTION_MOVE): 0:(3.0,1.0)
:Sending Trackball (ACTION_MOVE): 0:(4.0,-1.0)
:Sending Trackball (ACTION_MOVE): 0:(-4.0,4.0)
:Sending Trackball (ACTION_MOVE): 0:(-2.0,-2.0)
:Sending Trackball (ACTION_MOVE): 0:(-1.0,4.0)
:Sending Trackball (ACTION_MOVE): 0:(0.0,0.0)
:Sending Trackball (ACTION_MOVE): 0:(-1.0,4.0)
:Sending Trackball (ACTION_MOVE): 0:(4.0,4.0)
:Sending Trackball (ACTION_MOVE): 0:(-4.0,-2.0)
:Sending Trackball (ACTION_MOVE): 0:(-4.0,-3.0)
:Sending Key (ACTION_DOWN): 23    // KEYCODE_DPAD_CENTER
:Sending Key (ACTION_UP): 23    // KEYCODE_DPAD_CENTER
Sleeping for 500 milliseconds
:Sending Touch (ACTION_DOWN): 0:(1024.0,849.0)
:Sending Touch (ACTION_UP): 0:(1021.0732,845.42)
Sleeping for 500 milliseconds
:Sending Key (ACTION_DOWN): 21    // KEYCODE_DPAD_LEFT
:Sending Key (ACTION_UP): 21    // KEYCODE_DPAD_LEFT
Sleeping for 500 milliseconds
:Sending Trackball (ACTION_MOVE): 0:(-2.0,2.0)
:Sending Trackball (ACTION_MOVE): 0:(-1.0,-3.0)
:Sending Trackball (ACTION_MOVE): 0:(4.0,-1.0)
:Sending Trackball (ACTION_MOVE): 0:(0.0,-4.0)
:Sending Trackball (ACTION_MOVE): 0:(1.0,-2.0)
:Sending Trackball (ACTION_MOVE): 0:(2.0,-2.0)
:Sending Trackball (ACTION_MOVE): 0:(1.0,-2.0)
:Sending Trackball (ACTION_MOVE): 0:(4.0,-3.0)
:Sending Trackball (ACTION_MOVE): 0:(-1.0,0.0)
:Sending Trackball (ACTION_MOVE): 0:(-5.0,-3.0)
:Sending Touch (ACTION_DOWN): 0:(448.0,1636.0)
:Sending Touch (ACTION_MOVE): 0:(462.97723,1643.7727)
:Sending Touch (ACTION_MOVE): 0:(470.8299,1659.6764)
:Sending Touch (ACTION_MOVE): 0:(471.66672,1667.052)
:Sending Touch (ACTION_MOVE): 0:(484.83478,1670.4507)
:Sending Touch (ACTION_MOVE): 0:(491.3722,1685.0605)
:Sending Touch (ACTION_UP): 0:(498.3718,1691.4637)
Sleeping for 500 milliseconds
:Sending Key (ACTION_DOWN): 143    // KEYCODE_NUM_LOCK
:Sending Key (ACTION_UP): 143    // KEYCODE_NUM_LOCK
Sleeping for 500 milliseconds
:Sending Touch (ACTION_DOWN): 0:(372.0,1810.0)
:Sending Touch (ACTION_UP): 0:(393.20175,1815.3182)
Sleeping for 500 milliseconds
:Sending Key (ACTION_DOWN): 20    // KEYCODE_DPAD_DOWN
:Sending Key (ACTION_UP): 20    // KEYCODE_DPAD_DOWN
Sleeping for 500 milliseconds
:Sending Trackball (ACTION_MOVE): 0:(0.0,1.0)
:Sending Trackball (ACTION_MOVE): 0:(2.0,3.0)
:Sending Trackball (ACTION_MOVE): 0:(-5.0,0.0)
:Sending Trackball (ACTION_MOVE): 0:(1.0,-4.0)
:Sending Trackball (ACTION_MOVE): 0:(2.0,-2.0)
:Sending Trackball (ACTION_MOVE): 0:(3.0,-1.0)
:Sending Trackball (ACTION_MOVE): 0:(-1.0,1.0)
:Sending Trackball (ACTION_MOVE): 0:(-5.0,4.0)
:Sending Trackball (ACTION_MOVE): 0:(3.0,-4.0)
:Sending Trackball (ACTION_MOVE): 0:(-4.0,0.0)
:Sending Key (ACTION_DOWN): 20    // KEYCODE_DPAD_DOWN
:Sending Key (ACTION_UP): 20    // KEYCODE_DPAD_DOWN
Sleeping for 500 milliseconds
:Sending Trackball (ACTION_MOVE): 0:(3.0,-1.0)
:Sending Trackball (ACTION_MOVE): 0:(-1.0,3.0)
:Sending Trackball (ACTION_MOVE): 0:(-3.0,-5.0)
:Sending Trackball (ACTION_MOVE): 0:(-5.0,1.0)
:Sending Trackball (ACTION_MOVE): 0:(-5.0,-2.0)
:Sending Trackball (ACTION_MOVE): 0:(-3.0,0.0)
:Sending Trackball (ACTION_MOVE): 0:(0.0,-2.0)
:Sending Trackball (ACTION_MOVE): 0:(-3.0,4.0)
:Sending Trackball (ACTION_MOVE): 0:(-3.0,-4.0)
:Sending Trackball (ACTION_MOVE): 0:(2.0,-2.0)
:Sending Touch (ACTION_DOWN): 0:(666.0,720.0)
:Sending Touch (ACTION_MOVE): 0:(661.9856,721.7366)
:Sending Touch (ACTION_MOVE): 0:(655.8542,723.4511)
:Sending Touch (ACTION_MOVE): 0:(650.4613,725.7395)
:Sending Touch (ACTION_MOVE): 0:(648.2431,727.1391)
:Sending Touch (ACTION_MOVE): 0:(637.6285,728.77374)
:Sending Touch (ACTION_UP): 0:(630.96204,730.5397)
Sleeping for 500 milliseconds
:Sending Key (ACTION_DOWN): 53    // KEYCODE_Y
:Sending Key (ACTION_UP): 53    // KEYCODE_Y
Sleeping for 500 milliseconds
:Sending Touch (ACTION_DOWN): 0:(715.0,1780.0)
:Sending Touch (ACTION_MOVE): 0:(712.0115,1779.8837)
:Sending Touch (ACTION_MOVE): 0:(706.77124,1778.3928)
:Sending Touch (ACTION_MOVE): 0:(701.465,1777.7411)
:Sending Touch (ACTION_MOVE): 0:(699.1449,1769.8339)
:Sending Touch (ACTION_UP): 0:(698.1717,1767.2748)
Sleeping for 500 milliseconds
:Sending Touch (ACTION_DOWN): 0:(712.0,1273.0)
:Sending Touch (ACTION_UP): 0:(706.5486,1268.0659)
Sleeping for 500 milliseconds
:Sending Trackball (ACTION_MOVE): 0:(-1.0,-4.0)
    //[calendar_time:2018-04-13 17:33:03.369  system_uptime:1834781]
    // Sending event #100
:Sending Trackball (ACTION_MOVE): 0:(-3.0,-2.0)
:Sending Trackball (ACTION_MOVE): 0:(-4.0,1.0)
:Sending Trackball (ACTION_MOVE): 0:(-5.0,-4.0)
:Sending Trackball (ACTION_MOVE): 0:(1.0,-5.0)
:Sending Trackball (ACTION_MOVE): 0:(-3.0,3.0)
:Sending Trackball (ACTION_MOVE): 0:(0.0,0.0)
:Sending Trackball (ACTION_MOVE): 0:(-4.0,0.0)
:Sending Trackball (ACTION_MOVE): 0:(-5.0,3.0)
:Sending Trackball (ACTION_MOVE): 0:(3.0,1.0)
:Sending Touch (ACTION_DOWN): 0:(703.0,1194.0)
:Sending Touch (ACTION_MOVE): 0:(710.62976,1192.2126)
:Sending Touch (ACTION_MOVE): 0:(719.598,1191.7441)
:Sending Touch (ACTION_MOVE): 0:(728.366,1191.4081)
:Sending Touch (ACTION_MOVE): 0:(732.5408,1185.6104)
:Sending Touch (ACTION_MOVE): 0:(738.6303,1176.6375)
:Sending Touch (ACTION_MOVE): 0:(749.81726,1168.1837)
:Sending Touch (ACTION_MOVE): 0:(759.6596,1151.9097)
:Sending Touch (ACTION_UP): 0:(771.55884,1146.8403)
Sleeping for 500 milliseconds
:Sending Trackball (ACTION_MOVE): 0:(-5.0,2.0)
:Sending Trackball (ACTION_MOVE): 0:(3.0,-4.0)
:Sending Trackball (ACTION_MOVE): 0:(-1.0,2.0)
:Sending Trackball (ACTION_MOVE): 0:(4.0,-1.0)
:Sending Trackball (ACTION_MOVE): 0:(-2.0,-2.0)
:Sending Trackball (ACTION_MOVE): 0:(-5.0,-1.0)
:Sending Trackball (ACTION_MOVE): 0:(1.0,-5.0)
:Sending Trackball (ACTION_MOVE): 0:(0.0,-1.0)
:Sending Trackball (ACTION_MOVE): 0:(-3.0,4.0)
:Sending Trackball (ACTION_MOVE): 0:(-3.0,-3.0)
:Sending Key (ACTION_DOWN): 4    // KEYCODE_BACK
:Sending Key (ACTION_UP): 4    // KEYCODE_BACK
Sleeping for 500 milliseconds
:Sending Key (ACTION_DOWN): 121    // KEYCODE_BREAK
:Sending Key (ACTION_UP): 121    // KEYCODE_BREAK
Sleeping for 500 milliseconds
:Sending Trackball (ACTION_MOVE): 0:(1.0,4.0)
:Sending Trackball (ACTION_MOVE): 0:(3.0,-5.0)
:Sending Trackball (ACTION_MOVE): 0:(2.0,2.0)
:Sending Trackball (ACTION_MOVE): 0:(-2.0,2.0)
:Sending Trackball (ACTION_MOVE): 0:(1.0,4.0)
:Sending Trackball (ACTION_MOVE): 0:(-2.0,-1.0)
:Sending Trackball (ACTION_MOVE): 0:(3.0,-3.0)
:Sending Trackball (ACTION_MOVE): 0:(-3.0,-4.0)
:Sending Trackball (ACTION_MOVE): 0:(-4.0,4.0)
:Sending Trackball (ACTION_MOVE): 0:(-2.0,3.0)
:Sending Trackball (ACTION_MOVE): 0:(-1.0,-1.0)
:Sending Trackball (ACTION_MOVE): 0:(1.0,-1.0)
:Sending Trackball (ACTION_MOVE): 0:(-2.0,0.0)
:Sending Trackball (ACTION_MOVE): 0:(-2.0,3.0)
:Sending Trackball (ACTION_MOVE): 0:(2.0,-2.0)
:Sending Trackball (ACTION_MOVE): 0:(-5.0,4.0)
:Sending Trackball (ACTION_MOVE): 0:(-4.0,3.0)
:Sending Trackball (ACTION_MOVE): 0:(-4.0,-2.0)
:Sending Trackball (ACTION_MOVE): 0:(-1.0,2.0)
:Sending Trackball (ACTION_MOVE): 0:(-5.0,-2.0)
:Switch: #Intent;action=android.intent.action.MAIN;category=android.intent.category.LAUNCHER;launchFlags=0x10200000;component=com.pangpangzhu.p2papp.test/com.pangpangzhu.p2papp.pangpangpig.welcom.WelcomActivity;end
    // Allowing start of Intent { act=android.intent.action.MAIN cat=[android.intent.category.LAUNCHER] cmp=com.pangpangzhu.p2papp.test/com.pangpangzhu.p2papp.pangpangpig.welcom.WelcomActivity } in package com.pangpangzhu.p2papp.test
    // Allowing start of Intent { act=android.intent.action.MAIN cat=[android.intent.category.LAUNCHER] cmp=com.pangpangzhu.p2papp.test/com.pangpangzhu.p2papp.pangpangpig.welcom.WelcomActivity } in package com.pangpangzhu.p2papp.test
Sleeping for 500 milliseconds
:Sending Key (ACTION_DOWN): 154    // KEYCODE_NUMPAD_DIVIDE
:Sending Key (ACTION_UP): 154    // KEYCODE_NUMPAD_DIVIDE
Sleeping for 500 milliseconds
:Sending Key (ACTION_DOWN): 21    // KEYCODE_DPAD_LEFT
:Sending Key (ACTION_UP): 21    // KEYCODE_DPAD_LEFT
Sleeping for 500 milliseconds
:Sending Key (ACTION_DOWN): 19    // KEYCODE_DPAD_UP
:Sending Key (ACTION_UP): 19    // KEYCODE_DPAD_UP
Sleeping for 500 milliseconds
:Sending Trackball (ACTION_MOVE): 0:(-5.0,-2.0)
:Sending Trackball (ACTION_MOVE): 0:(-4.0,3.0)
:Sending Trackball (ACTION_MOVE): 0:(-4.0,3.0)
:Sending Trackball (ACTION_MOVE): 0:(3.0,-4.0)
:Sending Trackball (ACTION_MOVE): 0:(-4.0,-1.0)
:Sending Trackball (ACTION_MOVE): 0:(-4.0,3.0)
:Sending Trackball (ACTION_MOVE): 0:(4.0,-5.0)
:Sending Trackball (ACTION_MOVE): 0:(4.0,-4.0)
:Sending Trackball (ACTION_MOVE): 0:(4.0,-5.0)
:Sending Trackball (ACTION_MOVE): 0:(-2.0,-4.0)
:Sending Flip keyboardOpen=false
Got IOException performing flipjava.io.IOException: write failed: EINVAL (Invalid argument)
    // Injection Failed
Sleeping for 500 milliseconds
:Switch: #Intent;action=android.intent.action.MAIN;category=android.intent.category.LAUNCHER;launchFlags=0x10200000;component=com.pangpangzhu.p2papp.test/com.pangpangzhu.p2papp.pangpangpig.welcom.WelcomActivity;end
    // Allowing start of Intent { act=android.intent.action.MAIN cat=[android.intent.category.LAUNCHER] cmp=com.pangpangzhu.p2papp.test/com.pangpangzhu.p2papp.pangpangpig.welcom.WelcomActivity } in package com.pangpangzhu.p2papp.test
    // Allowing start of Intent { act=android.intent.action.MAIN cat=[android.intent.category.LAUNCHER] cmp=com.pangpangzhu.p2papp.test/com.pangpangzhu.p2papp.pangpangpig.welcom.WelcomActivity } in package com.pangpangzhu.p2papp.test
Sleeping for 500 milliseconds
:Sending Touch (ACTION_DOWN): 0:(696.0,332.0)
:Sending Touch (ACTION_POINTER_DOWN 1): 0:(697.8744,320.7086) 1:(956.0,160.0)
:Sending Touch (ACTION_MOVE): 0:(698.67633,301.79034) 1:(954.5726,167.18684)
:Sending Touch (ACTION_MOVE): 0:(700.2899,298.75418) 1:(954.5546,170.3472)
:Sending Touch (ACTION_MOVE): 0:(702.73254,288.2794) 1:(953.83295,179.43256)
:Sending Touch (ACTION_MOVE): 0:(704.89923,278.7477) 1:(953.12933,181.08441)
:Sending Touch (ACTION_MOVE): 0:(705.3853,277.005) 1:(951.57745,187.00287)
:Sending Touch (ACTION_MOVE): 0:(705.6776,273.5901) 1:(950.1268,197.38657)
:Sending Touch (ACTION_MOVE): 0:(708.7745,267.8919) 1:(948.4495,203.24542)
:Sending Touch (ACTION_POINTER_UP 1): 0:(708.85126,254.96394) 1:(947.403,209.76962)
:Sending Touch (ACTION_UP): 0:(712.53406,246.06609)
Sleeping for 500 milliseconds
:Sending Touch (ACTION_DOWN): 0:(881.0,1778.0)
:Sending Touch (ACTION_UP): 0:(880.0643,1778.6433)
Sleeping for 500 milliseconds
:Sending Trackball (ACTION_MOVE): 0:(-4.0,2.0)
:Sending Trackball (ACTION_MOVE): 0:(-4.0,0.0)
:Sending Trackball (ACTION_MOVE): 0:(4.0,4.0)
:Sending Trackball (ACTION_MOVE): 0:(-3.0,1.0)
:Sending Trackball (ACTION_MOVE): 0:(-4.0,2.0)
:Sending Trackball (ACTION_MOVE): 0:(-3.0,3.0)
:Sending Trackball (ACTION_MOVE): 0:(-2.0,-3.0)
:Sending Trackball (ACTION_MOVE): 0:(-5.0,-3.0)
:Sending Trackball (ACTION_MOVE): 0:(-3.0,-2.0)
:Sending Trackball (ACTION_MOVE): 0:(-2.0,2.0)
:Sending Key (ACTION_DOWN): 21    // KEYCODE_DPAD_LEFT
:Sending Key (ACTION_UP): 21    // KEYCODE_DPAD_LEFT
Sleeping for 500 milliseconds
:Sending Touch (ACTION_DOWN): 0:(981.0,266.0)
:Sending Touch (ACTION_POINTER_DOWN 1): 0:(982.1285,268.53113) 1:(451.0,665.0)
:Sending Touch (ACTION_MOVE): 0:(991.4607,270.56903) 1:(445.93463,665.6773)
:Sending Touch (ACTION_MOVE): 0:(1007.4178,271.55685) 1:(443.1963,667.3929)
Events injected: 200
:Sending rotation degree=0, persist=false
:Dropped: keys=0 pointers=0 trackballs=0 flips=1 rotations=0
## Network stats: elapsed time=15438ms (0ms mobile, 0ms wifi, 15438ms not connected)
// Monkey finished
