:Monkey: seed=1523728897731 count=200
:AllowPackage: com.pangpangzhu.p2papp.test
:IncludeCategory: android.intent.category.LAUNCHER
:IncludeCategory: android.intent.category.MONKEY
// Selecting main activities from category android.intent.category.LAUNCHER
//   - NOT USING main activity com.android.browser.BrowserActivity (from package com.android.browser)
//   - NOT USING main activity com.android.calendar.homepage.AllInOneActivity (from package com.android.calendar)
//   - NOT USING main activity com.android.camera.Camera (from package com.android.camera)
//   - NOT USING main activity com.android.contacts.activities.PeopleActivity (from package com.android.contacts)
//   - NOT USING main activity com.android.contacts.activities.TwelveKeyDialer (from package com.android.contacts)
//   - NOT USING main activity com.android.deskclock.DeskClockTabActivity (from package com.android.deskclock)
//   - NOT USING main activity com.android.email.activity.Welcome (from package com.android.email)
//   - NOT USING main activity com.android.fileexplorer.FileExplorerTabActivity (from package com.android.fileexplorer)
//   - NOT USING main activity com.android.mms.ui.MmsTabActivity (from package com.android.mms)
//   - NOT USING main activity com.android.settings.MainSettings (from package com.android.settings)
//   - NOT USING main activity com.android.thememanager.ThemeResourceTabActivity (from package com.android.thememanager)
//   - NOT USING main activity com.mipay.wallet.ui.MipayEntryActivity (from package com.mipay.wallet)
//   - NOT USING main activity com.miui.calculator.cal.CalculatorActivity (from package com.miui.calculator)
//   - NOT USING main activity com.miui.gallery.activity.HomePageActivity (from package com.miui.gallery)
//   - NOT USING main activity com.miui.notes.ui.NotesListActivity (from package com.miui.notes)
//   - NOT USING main activity com.miui.weather2.ActivityWeatherMain (from package com.miui.weather2)
//   - NOT USING main activity com.xiaomi.market.ui.MarketTabActivity (from package com.xiaomi.market)
//   - NOT USING main activity com.xiaomi.scanner.app.ScanActivity (from package com.xiaomi.scanner)
//   - NOT USING main activity com.baidu.baidumaps.WelcomeScreen (from package com.baidu.BaiduMap)
//   - NOT USING main activity com.dianping.base.permission.PermissionActivity (from package com.dianping.v1)
//   - NOT USING main activity com.xiaomi.jr.SplashActivity (from package com.xiaomi.jr)
//   - NOT USING main activity com.ximalaya.ting.android.activity.login.WelcomeActivity (from package com.ximalaya.ting.android)
//   - NOT USING main activity com.android.providers.downloads.ui.DownloadList (from package com.android.providers.downloads.ui)
//   - NOT USING main activity com.android.soundrecorder.SoundRecorder (from package com.android.soundrecorder)
//   - NOT USING main activity com.android.stk.StkMain (from package com.android.stk)
//   - NOT USING main activity com.miui.bugreport.ui.MainTabActivity (from package com.miui.bugreport)
//   - NOT USING main activity com.miui.compass.CompassActivity (from package com.miui.compass)
//   - NOT USING main activity com.miui.player.ui.MusicBrowserActivity (from package com.miui.player)
//   - NOT USING main activity com.miui.screenrecorder.activity.ScreenRecorderHomeActivity (from package com.miui.screenrecorder)
//   - NOT USING main activity com.miui.securityscan.MainActivity (from package com.miui.securitycenter)
//   - NOT USING main activity com.miui.video.HomeActivity (from package com.miui.video)
//   - NOT USING main activity com.miui.virtualsim.ui.MainActivity (from package com.miui.virtualsim)
//   - NOT USING main activity com.xiaomi.voiceassistant.CTAAlertActivity (from package com.miui.voiceassist)
//   - NOT USING main activity com.xiaomi.gamecenter.ui.MainTabActivity (from package com.xiaomi.gamecenter)
//   - NOT USING main activity com.xiaomi.vipaccount.ui.home.AccountHomeActivity (from package com.xiaomi.vipaccount)
//   - NOT USING main activity cn.wps.moffice.documentmanager.PreStartActivity (from package cn.wps.moffice_eng)
//   - NOT USING main activity com.mqunar.splash.SplashActivity (from package com.Qunar)
//   - NOT USING main activity com.xiaomi.mitv.phone.remotecontroller.HoriWidgetMainActivityV2 (from package com.duokan.phone.remotecontroller)
//   - NOT USING main activity com.duokan.reader.DkReaderActivity (from package com.duokan.reader)
//   - NOT USING main activity com.immomo.momo.android.activity.WelcomeActivity (from package com.immomo.momo)
//   - NOT USING main activity com.juanpi.ui.JPWelcomeActivity (from package com.juanpi.ui)
//   - NOT USING main activity com.mi.vtalk.business.MiVTalkMainActivity (from package com.mi.vtalk)
//   + Using main activity com.pangpangzhu.p2papp.pangpangpig.welcom.WelcomActivity (from package com.pangpangzhu.p2papp.test)
//   - NOT USING main activity com.qiyi.video.WelcomeActivity (from package com.qiyi.video)
//   - NOT USING main activity com.tencent.sc.activity.RomQzoneSplashActivity (from package com.qzone)
//   - NOT USING main activity com.sina.weibo.SplashActivity (from package com.sina.weibo)
//   - NOT USING main activity com.wali.live.main.LiveMainActivity (from package com.wali.live)
//   - NOT USING main activity com.xiaomi.channel.ui.ChannelLauncherActivity (from package com.xiaomi.channel)
//   - NOT USING main activity com.xiaomi.o2o.activity.O2OTabActivity (from package com.xiaomi.o2o)
//   - NOT USING main activity com.xiaomi.shop.activity.MainTabActivity (from package com.xiaomi.shop)
//   - NOT USING main activity com.xiaomi.smarthome.SmartHomeMainActivity (from package com.xiaomi.smarthome)
//   - NOT USING main activity com.yidian.xiaomi.ui.guide.UserGuideActivity (from package com.yidian.xiaomi)
// Selecting main activities from category android.intent.category.MONKEY
//   - NOT USING main activity com.android.settings.Settings$RunningServicesActivity (from package com.android.settings)
//   - NOT USING main activity com.mipay.wallet.ui.MipayEntryActivity (from package com.mipay.wallet)
//   - NOT USING main activity com.miui.home.launcher.Launcher (from package com.miui.home)
//   - NOT USING main activity com.xiaomi.payment.MiliCenterEntryActivity (from package com.xiaomi.payment)
//   - NOT USING main activity com.miui.virtualsim.monkeyentry.MonkeyActivity (from package com.miui.virtualsim)
//   - NOT USING main activity com.xiaomi.vipaccount.ui.monkeyentry.MonkeyActivity (from package com.xiaomi.vipaccount)
// Seeded: 1523728897731
// Event percentages:
//   0: 15.0%
//   1: 10.0%
//   2: 2.0%
//   3: 15.0%
//   4: -0.0%
//   5: -0.0%
//   6: 25.0%
//   7: 15.0%
//   8: 2.0%
//   9: 2.0%
//   10: 1.0%
//   11: 13.0%
:Switch: #Intent;action=android.intent.action.MAIN;category=android.intent.category.LAUNCHER;launchFlags=0x10200000;component=com.pangpangzhu.p2papp.test/com.pangpangzhu.p2papp.pangpangpig.welcom.WelcomActivity;end
    // Allowing start of Intent { act=android.intent.action.MAIN cat=[android.intent.category.LAUNCHER] cmp=com.pangpangzhu.p2papp.test/com.pangpangzhu.p2papp.pangpangpig.welcom.WelcomActivity } in package com.pangpangzhu.p2papp.test
    // Allowing start of Intent { act=android.intent.action.MAIN cat=[android.intent.category.LAUNCHER] cmp=com.pangpangzhu.p2papp.test/com.pangpangzhu.p2papp.pangpangpig.welcom.WelcomActivity } in package com.pangpangzhu.p2papp.test
Sleeping for 500 milliseconds
:Sending Touch (ACTION_DOWN): 0:(801.0,678.0)
:Sending Touch (ACTION_MOVE): 0:(790.31134,674.4054)
:Sending Touch (ACTION_MOVE): 0:(776.26227,668.5875)
:Sending Touch (ACTION_MOVE): 0:(752.1476,652.4935)
:Sending Touch (ACTION_MOVE): 0:(730.42114,645.5767)
:Sending Touch (ACTION_MOVE): 0:(713.1826,628.7408)
:Sending Touch (ACTION_MOVE): 0:(710.184,627.26447)
:Sending Touch (ACTION_UP): 0:(697.22955,621.7877)
Sleeping for 500 milliseconds
:Sending Key (ACTION_DOWN): 24    // KEYCODE_VOLUME_UP
:Sending Key (ACTION_UP): 24    // KEYCODE_VOLUME_UP
Sleeping for 500 milliseconds
:Sending Trackball (ACTION_MOVE): 0:(0.0,-1.0)
:Sending Trackball (ACTION_MOVE): 0:(-3.0,-3.0)
:Sending Trackball (ACTION_MOVE): 0:(-4.0,3.0)
:Sending Trackball (ACTION_MOVE): 0:(1.0,-2.0)
:Sending Trackball (ACTION_MOVE): 0:(-5.0,-4.0)
:Sending Trackball (ACTION_MOVE): 0:(-1.0,0.0)
:Sending Trackball (ACTION_MOVE): 0:(3.0,2.0)
:Sending Trackball (ACTION_MOVE): 0:(-5.0,-1.0)
:Sending Trackball (ACTION_MOVE): 0:(-5.0,-3.0)
:Sending Trackball (ACTION_MOVE): 0:(-2.0,3.0)
:Sending Touch (ACTION_DOWN): 0:(975.0,509.0)
:Sending Touch (ACTION_UP): 0:(984.85785,511.22076)
Sleeping for 500 milliseconds
:Sending Touch (ACTION_DOWN): 0:(221.0,482.0)
:Sending Touch (ACTION_MOVE): 0:(220.36348,483.4622)
:Sending Touch (ACTION_MOVE): 0:(220.30717,485.13223)
:Sending Touch (ACTION_MOVE): 0:(219.69748,485.88544)
:Sending Touch (ACTION_UP): 0:(219.37778,489.0482)
Sleeping for 500 milliseconds
:Sending Trackball (ACTION_MOVE): 0:(-3.0,-1.0)
:Sending Trackball (ACTION_MOVE): 0:(4.0,-1.0)
:Sending Trackball (ACTION_MOVE): 0:(-4.0,2.0)
:Sending Trackball (ACTION_MOVE): 0:(-3.0,0.0)
:Sending Trackball (ACTION_MOVE): 0:(4.0,-4.0)
:Sending Trackball (ACTION_MOVE): 0:(-1.0,4.0)
:Sending Trackball (ACTION_MOVE): 0:(-2.0,-5.0)
:Sending Trackball (ACTION_MOVE): 0:(-3.0,0.0)
:Sending Trackball (ACTION_MOVE): 0:(-3.0,-3.0)
:Sending Trackball (ACTION_MOVE): 0:(-3.0,3.0)
:Sending Touch (ACTION_DOWN): 0:(875.0,736.0)
:Sending Touch (ACTION_MOVE): 0:(879.166,741.7367)
:Sending Touch (ACTION_MOVE): 0:(887.4506,752.83887)
:Sending Touch (ACTION_MOVE): 0:(887.92224,756.9648)
:Sending Touch (ACTION_MOVE): 0:(888.49615,767.7958)
:Sending Touch (ACTION_MOVE): 0:(900.11084,778.5156)
:Sending Touch (ACTION_MOVE): 0:(903.0744,787.6641)
:Sending Touch (ACTION_UP): 0:(916.7241,797.73047)
Sleeping for 500 milliseconds
:Sending Key (ACTION_DOWN): 249    // KEYCODE_TV_INPUT_COMPONENT_1
:Sending Key (ACTION_UP): 249    // KEYCODE_TV_INPUT_COMPONENT_1
Sleeping for 500 milliseconds
:Sending Key (ACTION_DOWN): 252    // KEYCODE_TV_AUDIO_DESCRIPTION
:Sending Key (ACTION_UP): 252    // KEYCODE_TV_AUDIO_DESCRIPTION
Sleeping for 500 milliseconds
:Sending Key (ACTION_DOWN): 22    // KEYCODE_DPAD_RIGHT
:Sending Key (ACTION_UP): 22    // KEYCODE_DPAD_RIGHT
Sleeping for 500 milliseconds
:Sending Key (ACTION_DOWN): 22    // KEYCODE_DPAD_RIGHT
:Sending Key (ACTION_UP): 22    // KEYCODE_DPAD_RIGHT
Sleeping for 500 milliseconds
:Sending Key (ACTION_DOWN): 152    // KEYCODE_NUMPAD_8
:Sending Key (ACTION_UP): 152    // KEYCODE_NUMPAD_8
Sleeping for 500 milliseconds
:Sending Touch (ACTION_DOWN): 0:(285.0,1652.0)
:Sending Touch (ACTION_MOVE): 0:(288.13376,1651.936)
:Sending Touch (ACTION_MOVE): 0:(292.40067,1651.8408)
:Sending Touch (ACTION_MOVE): 0:(294.03223,1651.835)
:Sending Touch (ACTION_MOVE): 0:(299.63574,1651.583)
:Sending Touch (ACTION_MOVE): 0:(306.9885,1651.5194)
:Sending Touch (ACTION_MOVE): 0:(315.37494,1651.3778)
:Sending Touch (ACTION_MOVE): 0:(319.31714,1651.3069)
:Sending Touch (ACTION_MOVE): 0:(319.43976,1651.0935)
:Sending Touch (ACTION_MOVE): 0:(319.48975,1650.9038)
:Sending Touch (ACTION_UP): 0:(325.26624,1650.7938)
Sleeping for 500 milliseconds
:Sending Touch (ACTION_DOWN): 0:(1023.0,1200.0)
:Sending Touch (ACTION_UP): 0:(1018.9087,1202.8502)
Sleeping for 500 milliseconds
:Sending Touch (ACTION_DOWN): 0:(1058.0,1083.0)
:Sending Touch (ACTION_UP): 0:(1059.9369,1064.7275)
Sleeping for 500 milliseconds
:Sending Key (ACTION_DOWN): 22    // KEYCODE_DPAD_RIGHT
:Sending Key (ACTION_UP): 22    // KEYCODE_DPAD_RIGHT
Sleeping for 500 milliseconds
:Sending Key (ACTION_DOWN): 82    // KEYCODE_MENU
:Sending Key (ACTION_UP): 82    // KEYCODE_MENU
Sleeping for 500 milliseconds
    // Rejecting start of Intent { cmp=com.android.systemui/.recents.RecentsActivity } in package com.android.systemui
:Sending Touch (ACTION_DOWN): 0:(965.0,1304.0)
:Sending Touch (ACTION_MOVE): 0:(963.04614,1289.6775)
:Sending Touch (ACTION_MOVE): 0:(963.02435,1288.6207)
:Sending Touch (ACTION_UP): 0:(960.249,1270.2393)
Sleeping for 500 milliseconds
    // activityResuming(com.pangpangzhu.p2papp.test)
:Sending Touch (ACTION_DOWN): 0:(154.0,409.0)
    // Injection Failed
:Sending Touch (ACTION_UP): 0:(151.18312,408.7107)
    // Injection Failed
Sleeping for 500 milliseconds
    // activityResuming(com.pangpangzhu.p2papp.test)
:Sending Trackball (ACTION_MOVE): 0:(-2.0,-1.0)
:Sending Trackball (ACTION_MOVE): 0:(-1.0,0.0)
:Sending Trackball (ACTION_MOVE): 0:(0.0,-4.0)
:Sending Trackball (ACTION_MOVE): 0:(-4.0,2.0)
:Sending Trackball (ACTION_MOVE): 0:(4.0,1.0)
:Sending Trackball (ACTION_MOVE): 0:(1.0,-3.0)
:Sending Trackball (ACTION_MOVE): 0:(3.0,2.0)
:Sending Trackball (ACTION_MOVE): 0:(-4.0,-3.0)
:Sending Trackball (ACTION_MOVE): 0:(1.0,3.0)
:Sending Trackball (ACTION_MOVE): 0:(2.0,-4.0)
:Sending Key (ACTION_DOWN): 225    // KEYCODE_PAIRING
:Sending Key (ACTION_UP): 225    // KEYCODE_PAIRING
Sleeping for 500 milliseconds
:Sending Key (ACTION_DOWN): 22    // KEYCODE_DPAD_RIGHT
:Sending Key (ACTION_UP): 22    // KEYCODE_DPAD_RIGHT
Sleeping for 500 milliseconds
:Sending Trackball (ACTION_MOVE): 0:(-3.0,4.0)
:Sending Trackball (ACTION_MOVE): 0:(-1.0,0.0)
:Sending Trackball (ACTION_MOVE): 0:(-4.0,-5.0)
:Sending Trackball (ACTION_MOVE): 0:(3.0,3.0)
:Sending Trackball (ACTION_MOVE): 0:(-2.0,-2.0)
    //[calendar_time:2018-04-13 17:43:33.053  system_uptime:2464463]
    // Sending event #100
:Sending Trackball (ACTION_MOVE): 0:(-1.0,3.0)
:Sending Trackball (ACTION_MOVE): 0:(4.0,0.0)
:Sending Trackball (ACTION_MOVE): 0:(0.0,-2.0)
:Sending Trackball (ACTION_MOVE): 0:(-1.0,0.0)
:Sending Trackball (ACTION_MOVE): 0:(4.0,3.0)
:Sending Touch (ACTION_DOWN): 0:(133.0,1601.0)
:Sending Touch (ACTION_MOVE): 0:(125.95177,1601.3383)
:Sending Touch (ACTION_MOVE): 0:(125.6774,1618.8239)
:Sending Touch (ACTION_MOVE): 0:(117.79896,1635.7712)
:Sending Touch (ACTION_MOVE): 0:(107.263855,1654.3566)
:Sending Touch (ACTION_MOVE): 0:(87.69979,1671.7913)
:Sending Touch (ACTION_MOVE): 0:(68.07775,1687.4817)
:Sending Touch (ACTION_MOVE): 0:(52.487667,1710.8612)
:Sending Touch (ACTION_UP): 0:(39.885544,1720.8679)
Sleeping for 500 milliseconds
:Sending Trackball (ACTION_MOVE): 0:(2.0,1.0)
:Sending Trackball (ACTION_MOVE): 0:(-2.0,-5.0)
:Sending Trackball (ACTION_MOVE): 0:(-2.0,3.0)
:Sending Trackball (ACTION_MOVE): 0:(-1.0,-4.0)
:Sending Trackball (ACTION_MOVE): 0:(2.0,-3.0)
:Sending Trackball (ACTION_MOVE): 0:(4.0,-4.0)
:Sending Trackball (ACTION_MOVE): 0:(2.0,3.0)
:Sending Trackball (ACTION_MOVE): 0:(-4.0,4.0)
:Sending Trackball (ACTION_MOVE): 0:(3.0,-1.0)
:Sending Trackball (ACTION_MOVE): 0:(-2.0,2.0)
:Sending Trackball (ACTION_DOWN): 0:(0.0,0.0)
:Sending Trackball (ACTION_UP): 0:(0.0,0.0)
Sleeping for 500 milliseconds
:Sending Touch (ACTION_DOWN): 0:(587.0,449.0)
:Sending Touch (ACTION_UP): 0:(596.14844,457.729)
Sleeping for 500 milliseconds
    // Allowing start of Intent { cmp=com.pangpangzhu.p2papp.test/com.pangpangzhu.couponexhibition.activity.CouponActivity } in package com.pangpangzhu.p2papp.test
    // Allowing start of Intent { cmp=com.pangpangzhu.p2papp.test/com.pangpangzhu.couponexhibition.activity.CouponActivity } in package com.pangpangzhu.p2papp.test
:Sending Key (ACTION_DOWN): 82    // KEYCODE_MENU
:Sending Key (ACTION_UP): 82    // KEYCODE_MENU
Sleeping for 500 milliseconds
    // Rejecting start of Intent { cmp=com.android.systemui/.recents.RecentsActivity } in package com.android.systemui
:Sending Touch (ACTION_DOWN): 0:(148.0,615.0)
:Sending Touch (ACTION_UP): 0:(129.0456,613.26044)
Sleeping for 500 milliseconds
:Sending Flip keyboardOpen=false
Got IOException performing flipjava.io.IOException: write failed: EINVAL (Invalid argument)
    // Injection Failed
Sleeping for 500 milliseconds
:Sending Key (ACTION_DOWN): 21    // KEYCODE_DPAD_LEFT
:Sending Key (ACTION_UP): 21    // KEYCODE_DPAD_LEFT
Sleeping for 500 milliseconds
:Sending Touch (ACTION_DOWN): 0:(1017.0,233.0)
:Sending Touch (ACTION_UP): 0:(1017.06274,235.13875)
Sleeping for 500 milliseconds
:Sending Key (ACTION_DOWN): 23    // KEYCODE_DPAD_CENTER
:Sending Key (ACTION_UP): 23    // KEYCODE_DPAD_CENTER
Sleeping for 500 milliseconds
:Sending Touch (ACTION_DOWN): 0:(346.0,1124.0)
:Sending Touch (ACTION_UP): 0:(344.31186,1127.445)
Sleeping for 500 milliseconds
:Sending Trackball (ACTION_MOVE): 0:(-3.0,4.0)
:Sending Trackball (ACTION_MOVE): 0:(2.0,1.0)
:Sending Trackball (ACTION_MOVE): 0:(-4.0,-2.0)
:Sending Trackball (ACTION_MOVE): 0:(-5.0,-3.0)
:Sending Trackball (ACTION_MOVE): 0:(-2.0,2.0)
:Sending Trackball (ACTION_MOVE): 0:(-4.0,-2.0)
:Sending Trackball (ACTION_MOVE): 0:(4.0,2.0)
:Sending Trackball (ACTION_MOVE): 0:(4.0,-2.0)
:Sending Trackball (ACTION_MOVE): 0:(-1.0,-3.0)
:Sending Trackball (ACTION_MOVE): 0:(-4.0,-3.0)
:Sending Key (ACTION_DOWN): 214    // KEYCODE_HENKAN
:Sending Key (ACTION_UP): 214    // KEYCODE_HENKAN
Sleeping for 500 milliseconds
:Sending Trackball (ACTION_MOVE): 0:(-4.0,-4.0)
:Sending Trackball (ACTION_MOVE): 0:(1.0,-1.0)
:Sending Trackball (ACTION_MOVE): 0:(-3.0,3.0)
:Sending Trackball (ACTION_MOVE): 0:(-5.0,1.0)
:Sending Trackball (ACTION_MOVE): 0:(-5.0,-1.0)
:Sending Trackball (ACTION_MOVE): 0:(-1.0,-3.0)
:Sending Trackball (ACTION_MOVE): 0:(-2.0,-2.0)
:Sending Trackball (ACTION_MOVE): 0:(1.0,1.0)
:Sending Trackball (ACTION_MOVE): 0:(-1.0,-3.0)
:Sending Trackball (ACTION_MOVE): 0:(3.0,-4.0)
:Sending Key (ACTION_DOWN): 23    // KEYCODE_DPAD_CENTER
:Sending Key (ACTION_UP): 23    // KEYCODE_DPAD_CENTER
Sleeping for 500 milliseconds
:Sending Key (ACTION_DOWN): 22    // KEYCODE_DPAD_RIGHT
:Sending Key (ACTION_UP): 22    // KEYCODE_DPAD_RIGHT
Sleeping for 500 milliseconds
:Sending Touch (ACTION_DOWN): 0:(174.0,1010.0)
:Sending Touch (ACTION_UP): 0:(173.31421,1007.61383)
Sleeping for 500 milliseconds
:Sending Trackball (ACTION_MOVE): 0:(0.0,0.0)
:Sending Trackball (ACTION_MOVE): 0:(-5.0,-2.0)
:Sending Trackball (ACTION_MOVE): 0:(-3.0,-2.0)
:Sending Trackball (ACTION_MOVE): 0:(1.0,2.0)
:Sending Trackball (ACTION_MOVE): 0:(-3.0,-4.0)
:Sending Trackball (ACTION_MOVE): 0:(-5.0,-5.0)
:Sending Trackball (ACTION_MOVE): 0:(-4.0,0.0)
:Sending Trackball (ACTION_MOVE): 0:(-2.0,1.0)
:Sending Trackball (ACTION_MOVE): 0:(3.0,-3.0)
:Sending Trackball (ACTION_MOVE): 0:(0.0,0.0)
:Sending Trackball (ACTION_MOVE): 0:(-5.0,-5.0)
:Sending Trackball (ACTION_MOVE): 0:(-2.0,0.0)
:Sending Trackball (ACTION_MOVE): 0:(3.0,-3.0)
:Sending Trackball (ACTION_MOVE): 0:(-2.0,-4.0)
:Sending Trackball (ACTION_MOVE): 0:(-1.0,-1.0)
:Sending Trackball (ACTION_MOVE): 0:(-3.0,2.0)
:Sending Trackball (ACTION_MOVE): 0:(-2.0,-2.0)
:Sending Trackball (ACTION_MOVE): 0:(4.0,1.0)
:Sending Trackball (ACTION_MOVE): 0:(-1.0,-2.0)
:Sending Trackball (ACTION_MOVE): 0:(3.0,2.0)
:Sending Touch (ACTION_DOWN): 0:(297.0,1601.0)
:Sending Touch (ACTION_UP): 0:(285.07443,1590.5073)
Sleeping for 500 milliseconds
:Sending Touch (ACTION_DOWN): 0:(361.0,29.0)
:Sending Touch (ACTION_MOVE): 0:(360.6111,40.052002)
:Sending Touch (ACTION_MOVE): 0:(344.00784,48.297237)
:Sending Touch (ACTION_UP): 0:(331.0002,50.640823)
Sleeping for 500 milliseconds
:Sending Touch (ACTION_DOWN): 0:(1057.0,598.0)
:Sending Touch (ACTION_MOVE): 0:(1045.3616,598.83966)
:Sending Touch (ACTION_UP): 0:(1037.4834,599.1388)
Sleeping for 500 milliseconds
:Sending Key (ACTION_DOWN): 262    // KEYCODE_NAVIGATE_IN
:Sending Key (ACTION_UP): 262    // KEYCODE_NAVIGATE_IN
Events injected: 200
:Sending rotation degree=0, persist=false
:Dropped: keys=0 pointers=2 trackballs=0 flips=1 rotations=0
## Network stats: elapsed time=19388ms (0ms mobile, 0ms wifi, 19388ms not connected)
// Monkey finished
