:Monkey: seed=1523877694173 count=200
:AllowPackage: com.pangpangzhu.p2papp.test
:IncludeCategory: android.intent.category.LAUNCHER
:IncludeCategory: android.intent.category.MONKEY
// Selecting main activities from category android.intent.category.LAUNCHER
//   - NOT USING main activity com.android.browser.BrowserActivity (from package com.android.browser)
//   - NOT USING main activity com.android.calendar.homepage.AllInOneActivity (from package com.android.calendar)
//   - NOT USING main activity com.android.camera.Camera (from package com.android.camera)
//   - NOT USING main activity com.android.contacts.activities.PeopleActivity (from package com.android.contacts)
//   - NOT USING main activity com.android.contacts.activities.TwelveKeyDialer (from package com.android.contacts)
//   - NOT USING main activity com.android.deskclock.DeskClockTabActivity (from package com.android.deskclock)
//   - NOT USING main activity com.android.email.activity.Welcome (from package com.android.email)
//   - NOT USING main activity com.android.fileexplorer.FileExplorerTabActivity (from package com.android.fileexplorer)
//   - NOT USING main activity com.android.mms.ui.MmsTabActivity (from package com.android.mms)
//   - NOT USING main activity com.android.settings.MainSettings (from package com.android.settings)
//   - NOT USING main activity com.android.thememanager.ThemeResourceTabActivity (from package com.android.thememanager)
//   - NOT USING main activity com.mipay.wallet.ui.MipayEntryActivity (from package com.mipay.wallet)
//   - NOT USING main activity com.miui.calculator.cal.CalculatorActivity (from package com.miui.calculator)
//   - NOT USING main activity com.miui.gallery.activity.HomePageActivity (from package com.miui.gallery)
//   - NOT USING main activity com.miui.notes.ui.NotesListActivity (from package com.miui.notes)
//   - NOT USING main activity com.miui.weather2.ActivityWeatherMain (from package com.miui.weather2)
//   - NOT USING main activity com.xiaomi.market.ui.MarketTabActivity (from package com.xiaomi.market)
//   - NOT USING main activity com.xiaomi.scanner.app.ScanActivity (from package com.xiaomi.scanner)
//   - NOT USING main activity com.baidu.baidumaps.WelcomeScreen (from package com.baidu.BaiduMap)
//   - NOT USING main activity com.dianping.base.permission.PermissionActivity (from package com.dianping.v1)
//   - NOT USING main activity com.xiaomi.jr.SplashActivity (from package com.xiaomi.jr)
//   - NOT USING main activity com.ximalaya.ting.android.activity.login.WelcomeActivity (from package com.ximalaya.ting.android)
//   - NOT USING main activity com.android.providers.downloads.ui.DownloadList (from package com.android.providers.downloads.ui)
//   - NOT USING main activity com.android.soundrecorder.SoundRecorder (from package com.android.soundrecorder)
//   - NOT USING main activity com.android.stk.StkMain (from package com.android.stk)
//   - NOT USING main activity com.miui.bugreport.ui.MainTabActivity (from package com.miui.bugreport)
//   - NOT USING main activity com.miui.compass.CompassActivity (from package com.miui.compass)
//   - NOT USING main activity com.miui.player.ui.MusicBrowserActivity (from package com.miui.player)
//   - NOT USING main activity com.miui.screenrecorder.activity.ScreenRecorderHomeActivity (from package com.miui.screenrecorder)
//   - NOT USING main activity com.miui.securityscan.MainActivity (from package com.miui.securitycenter)
//   - NOT USING main activity com.miui.video.HomeActivity (from package com.miui.video)
//   - NOT USING main activity com.miui.virtualsim.ui.MainActivity (from package com.miui.virtualsim)
//   - NOT USING main activity com.xiaomi.voiceassistant.CTAAlertActivity (from package com.miui.voiceassist)
//   - NOT USING main activity com.xiaomi.gamecenter.ui.MainTabActivity (from package com.xiaomi.gamecenter)
//   - NOT USING main activity com.xiaomi.vipaccount.ui.home.AccountHomeActivity (from package com.xiaomi.vipaccount)
//   - NOT USING main activity cn.wps.moffice.documentmanager.PreStartActivity (from package cn.wps.moffice_eng)
//   - NOT USING main activity com.mqunar.splash.SplashActivity (from package com.Qunar)
//   - NOT USING main activity com.xiaomi.mitv.phone.remotecontroller.HoriWidgetMainActivityV2 (from package com.duokan.phone.remotecontroller)
//   - NOT USING main activity com.duokan.reader.DkReaderActivity (from package com.duokan.reader)
//   - NOT USING main activity com.immomo.momo.android.activity.WelcomeActivity (from package com.immomo.momo)
//   - NOT USING main activity com.juanpi.ui.JPWelcomeActivity (from package com.juanpi.ui)
//   - NOT USING main activity com.mi.vtalk.business.MiVTalkMainActivity (from package com.mi.vtalk)
//   + Using main activity com.pangpangzhu.p2papp.pangpangpig.welcom.WelcomActivity (from package com.pangpangzhu.p2papp.test)
//   - NOT USING main activity com.qiyi.video.WelcomeActivity (from package com.qiyi.video)
//   - NOT USING main activity com.tencent.sc.activity.RomQzoneSplashActivity (from package com.qzone)
//   - NOT USING main activity com.sina.weibo.SplashActivity (from package com.sina.weibo)
//   - NOT USING main activity com.wali.live.main.LiveMainActivity (from package com.wali.live)
//   - NOT USING main activity com.xiaomi.channel.ui.ChannelLauncherActivity (from package com.xiaomi.channel)
//   - NOT USING main activity com.xiaomi.o2o.activity.O2OTabActivity (from package com.xiaomi.o2o)
//   - NOT USING main activity com.xiaomi.shop.activity.MainTabActivity (from package com.xiaomi.shop)
//   - NOT USING main activity com.xiaomi.smarthome.SmartHomeMainActivity (from package com.xiaomi.smarthome)
//   - NOT USING main activity com.yidian.xiaomi.ui.guide.UserGuideActivity (from package com.yidian.xiaomi)
// Selecting main activities from category android.intent.category.MONKEY
//   - NOT USING main activity com.android.settings.Settings$RunningServicesActivity (from package com.android.settings)
//   - NOT USING main activity com.mipay.wallet.ui.MipayEntryActivity (from package com.mipay.wallet)
//   - NOT USING main activity com.miui.home.launcher.Launcher (from package com.miui.home)
//   - NOT USING main activity com.xiaomi.payment.MiliCenterEntryActivity (from package com.xiaomi.payment)
//   - NOT USING main activity com.miui.virtualsim.monkeyentry.MonkeyActivity (from package com.miui.virtualsim)
//   - NOT USING main activity com.xiaomi.vipaccount.ui.monkeyentry.MonkeyActivity (from package com.xiaomi.vipaccount)
// Seeded: 1523877694173
// Event percentages:
//   0: 15.0%
//   1: 10.0%
//   2: 2.0%
//   3: 15.0%
//   4: -0.0%
//   5: -0.0%
//   6: 25.0%
//   7: 15.0%
//   8: 2.0%
//   9: 2.0%
//   10: 1.0%
//   11: 13.0%
:Switch: #Intent;action=android.intent.action.MAIN;category=android.intent.category.LAUNCHER;launchFlags=0x10200000;component=com.pangpangzhu.p2papp.test/com.pangpangzhu.p2papp.pangpangpig.welcom.WelcomActivity;end
    // Allowing start of Intent { act=android.intent.action.MAIN cat=[android.intent.category.LAUNCHER] cmp=com.pangpangzhu.p2papp.test/com.pangpangzhu.p2papp.pangpangpig.welcom.WelcomActivity } in package com.pangpangzhu.p2papp.test
    // Allowing start of Intent { act=android.intent.action.MAIN cat=[android.intent.category.LAUNCHER] cmp=com.pangpangzhu.p2papp.test/com.pangpangzhu.p2papp.pangpangpig.welcom.WelcomActivity } in package com.pangpangzhu.p2papp.test
Sleeping for 500 milliseconds
:Sending Touch (ACTION_DOWN): 0:(373.0,1760.0)
:Sending Touch (ACTION_MOVE): 0:(370.70468,1759.1146)
:Sending Touch (ACTION_MOVE): 0:(370.08517,1755.8035)
:Sending Touch (ACTION_MOVE): 0:(367.33206,1755.3639)
:Sending Touch (ACTION_MOVE): 0:(362.71643,1754.7194)
:Sending Touch (ACTION_MOVE): 0:(357.6306,1749.7246)
:Sending Touch (ACTION_MOVE): 0:(354.9273,1749.5956)
:Sending Touch (ACTION_MOVE): 0:(342.92926,1747.8816)
:Sending Touch (ACTION_MOVE): 0:(336.87646,1747.2289)
:Sending Touch (ACTION_MOVE): 0:(329.57227,1745.701)
:Sending Touch (ACTION_UP): 0:(318.81042,1744.3099)
Sleeping for 500 milliseconds
:Sending Touch (ACTION_DOWN): 0:(268.0,620.0)
:Sending Touch (ACTION_UP): 0:(268.09732,604.54865)
Sleeping for 500 milliseconds
    // Allowing start of Intent { cmp=com.pangpangzhu.p2papp.test/com.pangpangzhu.p2papp.pangpangpig.risktest.activity.RiskTestActivity } in package com.pangpangzhu.p2papp.test
    // Allowing start of Intent { cmp=com.pangpangzhu.p2papp.test/com.pangpangzhu.p2papp.pangpangpig.risktest.activity.RiskTestActivity } in package com.pangpangzhu.p2papp.test
    // Allowing start of Intent { cmp=com.pangpangzhu.p2papp.test/com.pangpangzhu.p2papp.pangpangpig.risktest.activity.RiskTestResultActivity } in package com.pangpangzhu.p2papp.test
    // Allowing start of Intent { cmp=com.pangpangzhu.p2papp.test/com.pangpangzhu.p2papp.pangpangpig.risktest.activity.RiskTestResultActivity } in package com.pangpangzhu.p2papp.test
    // activityResuming(com.pangpangzhu.p2papp.test)
    // activityResuming(com.pangpangzhu.p2papp.test)
:Sending Key (ACTION_DOWN): 22    // KEYCODE_DPAD_RIGHT
:Sending Key (ACTION_UP): 22    // KEYCODE_DPAD_RIGHT
Sleeping for 500 milliseconds
:Sending Key (ACTION_DOWN): 82    // KEYCODE_MENU
:Sending Key (ACTION_UP): 82    // KEYCODE_MENU
Sleeping for 500 milliseconds
    // Rejecting start of Intent { cmp=com.android.systemui/.recents.RecentsActivity } in package com.android.systemui
:Sending Trackball (ACTION_MOVE): 0:(-4.0,-5.0)
:Sending Trackball (ACTION_MOVE): 0:(-5.0,-5.0)
:Sending Trackball (ACTION_MOVE): 0:(-3.0,-5.0)
:Sending Trackball (ACTION_MOVE): 0:(-4.0,1.0)
:Sending Trackball (ACTION_MOVE): 0:(0.0,-4.0)
:Sending Trackball (ACTION_MOVE): 0:(0.0,2.0)
:Sending Trackball (ACTION_MOVE): 0:(-4.0,-2.0)
:Sending Trackball (ACTION_MOVE): 0:(3.0,2.0)
:Sending Trackball (ACTION_MOVE): 0:(-3.0,2.0)
:Sending Trackball (ACTION_MOVE): 0:(-3.0,4.0)
:Sending Trackball (ACTION_MOVE): 0:(-5.0,4.0)
:Sending Trackball (ACTION_MOVE): 0:(-3.0,-4.0)
:Sending Trackball (ACTION_MOVE): 0:(-3.0,-1.0)
:Sending Trackball (ACTION_MOVE): 0:(0.0,-5.0)
:Sending Trackball (ACTION_MOVE): 0:(3.0,-3.0)
:Sending Trackball (ACTION_MOVE): 0:(3.0,-2.0)
:Sending Trackball (ACTION_MOVE): 0:(0.0,-4.0)
:Sending Trackball (ACTION_MOVE): 0:(4.0,-3.0)
:Sending Trackball (ACTION_MOVE): 0:(-1.0,4.0)
:Sending Trackball (ACTION_MOVE): 0:(2.0,-4.0)
:Sending Trackball (ACTION_MOVE): 0:(-3.0,1.0)
:Sending Trackball (ACTION_MOVE): 0:(0.0,-4.0)
:Sending Trackball (ACTION_MOVE): 0:(1.0,-3.0)
:Sending Trackball (ACTION_MOVE): 0:(0.0,-2.0)
:Sending Trackball (ACTION_MOVE): 0:(-5.0,-1.0)
:Sending Trackball (ACTION_MOVE): 0:(-2.0,2.0)
:Sending Trackball (ACTION_MOVE): 0:(-4.0,0.0)
:Sending Trackball (ACTION_MOVE): 0:(-5.0,3.0)
:Sending Trackball (ACTION_MOVE): 0:(4.0,-5.0)
:Sending Trackball (ACTION_MOVE): 0:(-1.0,3.0)
:Sending Touch (ACTION_DOWN): 0:(512.0,1663.0)
:Sending Touch (ACTION_UP): 0:(512.83307,1675.2078)
Sleeping for 500 milliseconds
:Sending Key (ACTION_DOWN): 21    // KEYCODE_DPAD_LEFT
:Sending Key (ACTION_UP): 21    // KEYCODE_DPAD_LEFT
Sleeping for 500 milliseconds
:Sending Key (ACTION_DOWN): 23    // KEYCODE_DPAD_CENTER
:Sending Key (ACTION_UP): 23    // KEYCODE_DPAD_CENTER
Sleeping for 500 milliseconds
:Sending Touch (ACTION_DOWN): 0:(372.0,406.0)
:Sending Touch (ACTION_UP): 0:(375.72754,413.4083)
Sleeping for 500 milliseconds
:Sending Key (ACTION_DOWN): 23    // KEYCODE_DPAD_CENTER
:Sending Key (ACTION_UP): 23    // KEYCODE_DPAD_CENTER
Sleeping for 500 milliseconds
:Sending Key (ACTION_DOWN): 19    // KEYCODE_DPAD_UP
:Sending Key (ACTION_UP): 19    // KEYCODE_DPAD_UP
Sleeping for 500 milliseconds
:Sending Key (ACTION_DOWN): 22    // KEYCODE_DPAD_RIGHT
:Sending Key (ACTION_UP): 22    // KEYCODE_DPAD_RIGHT
Sleeping for 500 milliseconds
:Sending Key (ACTION_DOWN): 23    // KEYCODE_DPAD_CENTER
:Sending Key (ACTION_UP): 23    // KEYCODE_DPAD_CENTER
Sleeping for 500 milliseconds
:Sending Key (ACTION_DOWN): 22    // KEYCODE_DPAD_RIGHT
:Sending Key (ACTION_UP): 22    // KEYCODE_DPAD_RIGHT
Sleeping for 500 milliseconds
:Sending Key (ACTION_DOWN): 20    // KEYCODE_DPAD_DOWN
:Sending Key (ACTION_UP): 20    // KEYCODE_DPAD_DOWN
Sleeping for 500 milliseconds
:Sending Key (ACTION_DOWN): 23    // KEYCODE_DPAD_CENTER
:Sending Key (ACTION_UP): 23    // KEYCODE_DPAD_CENTER
Sleeping for 500 milliseconds
:Sending Touch (ACTION_DOWN): 0:(1023.0,181.0)
:Sending Touch (ACTION_MOVE): 0:(1031.4773,179.10735)
:Sending Touch (ACTION_MOVE): 0:(1052.0245,176.5386)
:Sending Touch (ACTION_MOVE): 0:(1070.2599,174.22697)
:Sending Touch (ACTION_MOVE): 0:(1080.0,173.87466)
:Sending Touch (ACTION_MOVE): 0:(1080.0,170.10066)
:Sending Touch (ACTION_MOVE): 0:(1080.0,168.8497)
:Sending Touch (ACTION_MOVE): 0:(1080.0,164.66707)
:Sending Touch (ACTION_MOVE): 0:(1080.0,164.62825)
:Sending Touch (ACTION_MOVE): 0:(1080.0,160.8089)
:Sending Touch (ACTION_UP): 0:(1080.0,157.36241)
Sleeping for 500 milliseconds
:Sending Touch (ACTION_DOWN): 0:(377.0,639.0)
:Sending Touch (ACTION_UP): 0:(354.26074,636.49915)
Sleeping for 500 milliseconds
:Sending Trackball (ACTION_MOVE): 0:(2.0,-5.0)
:Sending Trackball (ACTION_MOVE): 0:(-4.0,2.0)
:Sending Trackball (ACTION_MOVE): 0:(3.0,1.0)
:Sending Trackball (ACTION_MOVE): 0:(3.0,1.0)
:Sending Trackball (ACTION_MOVE): 0:(-1.0,4.0)
:Sending Trackball (ACTION_MOVE): 0:(-5.0,3.0)
:Sending Trackball (ACTION_MOVE): 0:(4.0,-2.0)
:Sending Trackball (ACTION_MOVE): 0:(-4.0,3.0)
:Sending Trackball (ACTION_MOVE): 0:(4.0,-1.0)
:Sending Trackball (ACTION_MOVE): 0:(1.0,-2.0)
:Sending Touch (ACTION_DOWN): 0:(749.0,1436.0)
:Sending Touch (ACTION_MOVE): 0:(745.0028,1436.4757)
:Sending Touch (ACTION_MOVE): 0:(742.51904,1442.7123)
:Sending Touch (ACTION_MOVE): 0:(731.2377,1448.1237)
:Sending Touch (ACTION_UP): 0:(721.8481,1458.1746)
Sleeping for 500 milliseconds
:Sending Touch (ACTION_DOWN): 0:(698.0,846.0)
:Sending Touch (ACTION_UP): 0:(700.9833,847.80945)
    //[calendar_time:2018-04-13 17:28:32.691  system_uptime:1564101]
    // Sending event #100
Sleeping for 500 milliseconds
    // activityResuming(com.pangpangzhu.p2papp.test)
    //[calendar_time:2018-04-13 17:28:33.193  system_uptime:1564602]
    // Sending event #100
:Sending Key (ACTION_DOWN): 20    // KEYCODE_DPAD_DOWN
:Sending Key (ACTION_UP): 20    // KEYCODE_DPAD_DOWN
Sleeping for 500 milliseconds
    // activityResuming(com.pangpangzhu.p2papp.test)
:Sending Key (ACTION_DOWN): 21    // KEYCODE_DPAD_LEFT
:Sending Key (ACTION_UP): 21    // KEYCODE_DPAD_LEFT
Sleeping for 500 milliseconds
:Sending Touch (ACTION_DOWN): 0:(432.0,1082.0)
:Sending Touch (ACTION_UP): 0:(436.39337,1063.9996)
Sleeping for 500 milliseconds
:Sending Key (ACTION_DOWN): 82    // KEYCODE_MENU
:Sending Key (ACTION_UP): 82    // KEYCODE_MENU
Sleeping for 500 milliseconds
    // Rejecting start of Intent { cmp=com.android.systemui/.recents.RecentsActivity } in package com.android.systemui
:Sending Key (ACTION_DOWN): 20    // KEYCODE_DPAD_DOWN
:Sending Key (ACTION_UP): 20    // KEYCODE_DPAD_DOWN
Sleeping for 500 milliseconds
:Sending Touch (ACTION_DOWN): 0:(953.0,1199.0)
:Sending Touch (ACTION_UP): 0:(951.7256,1198.6708)
Sleeping for 500 milliseconds
:Sending Trackball (ACTION_MOVE): 0:(-5.0,-5.0)
:Sending Trackball (ACTION_MOVE): 0:(-2.0,-4.0)
:Sending Trackball (ACTION_MOVE): 0:(2.0,-1.0)
:Sending Trackball (ACTION_MOVE): 0:(1.0,2.0)
:Sending Trackball (ACTION_MOVE): 0:(-5.0,1.0)
:Sending Trackball (ACTION_MOVE): 0:(2.0,-2.0)
:Sending Trackball (ACTION_MOVE): 0:(-2.0,0.0)
:Sending Trackball (ACTION_MOVE): 0:(2.0,-3.0)
:Sending Trackball (ACTION_MOVE): 0:(-2.0,2.0)
:Sending Trackball (ACTION_MOVE): 0:(-5.0,-5.0)
:Sending Key (ACTION_DOWN): 21    // KEYCODE_DPAD_LEFT
:Sending Key (ACTION_UP): 21    // KEYCODE_DPAD_LEFT
Sleeping for 500 milliseconds
:Sending Trackball (ACTION_MOVE): 0:(2.0,1.0)
:Sending Trackball (ACTION_MOVE): 0:(-4.0,2.0)
:Sending Trackball (ACTION_MOVE): 0:(-1.0,1.0)
:Sending Trackball (ACTION_MOVE): 0:(-3.0,-1.0)
:Sending Trackball (ACTION_MOVE): 0:(-3.0,2.0)
:Sending Trackball (ACTION_MOVE): 0:(-2.0,4.0)
:Sending Trackball (ACTION_MOVE): 0:(2.0,3.0)
:Sending Trackball (ACTION_MOVE): 0:(-4.0,0.0)
:Sending Trackball (ACTION_MOVE): 0:(0.0,-3.0)
:Sending Trackball (ACTION_MOVE): 0:(-2.0,-3.0)
:Sending Key (ACTION_DOWN): 268    // KEYCODE_DPAD_UP_LEFT
:Sending Key (ACTION_UP): 268    // KEYCODE_DPAD_UP_LEFT
Sleeping for 500 milliseconds
:Sending Key (ACTION_DOWN): 22    // KEYCODE_DPAD_RIGHT
:Sending Key (ACTION_UP): 22    // KEYCODE_DPAD_RIGHT
Sleeping for 500 milliseconds
:Sending Key (ACTION_DOWN): 21    // KEYCODE_DPAD_LEFT
:Sending Key (ACTION_UP): 21    // KEYCODE_DPAD_LEFT
Sleeping for 500 milliseconds
:Sending Key (ACTION_DOWN): 19    // KEYCODE_DPAD_UP
:Sending Key (ACTION_UP): 19    // KEYCODE_DPAD_UP
Sleeping for 500 milliseconds
:Sending Key (ACTION_DOWN): 82    // KEYCODE_MENU
:Sending Key (ACTION_UP): 82    // KEYCODE_MENU
Sleeping for 500 milliseconds
    // Rejecting start of Intent { cmp=com.android.systemui/.recents.RecentsActivity } in package com.android.systemui
:Switch: #Intent;action=android.intent.action.MAIN;category=android.intent.category.LAUNCHER;launchFlags=0x10200000;component=com.pangpangzhu.p2papp.test/com.pangpangzhu.p2papp.pangpangpig.welcom.WelcomActivity;end
    // Allowing start of Intent { act=android.intent.action.MAIN cat=[android.intent.category.LAUNCHER] cmp=com.pangpangzhu.p2papp.test/com.pangpangzhu.p2papp.pangpangpig.welcom.WelcomActivity } in package com.pangpangzhu.p2papp.test
    // Allowing start of Intent { act=android.intent.action.MAIN cat=[android.intent.category.LAUNCHER] cmp=com.pangpangzhu.p2papp.test/com.pangpangzhu.p2papp.pangpangpig.welcom.WelcomActivity } in package com.pangpangzhu.p2papp.test
Sleeping for 500 milliseconds
:Sending Key (ACTION_DOWN): 21    // KEYCODE_DPAD_LEFT
:Sending Key (ACTION_UP): 21    // KEYCODE_DPAD_LEFT
Sleeping for 500 milliseconds
:Sending Key (ACTION_DOWN): 9    // KEYCODE_2
:Sending Key (ACTION_UP): 9    // KEYCODE_2
Sleeping for 500 milliseconds
:Sending Trackball (ACTION_MOVE): 0:(0.0,-3.0)
:Sending Trackball (ACTION_MOVE): 0:(-4.0,-3.0)
:Sending Trackball (ACTION_MOVE): 0:(1.0,2.0)
:Sending Trackball (ACTION_MOVE): 0:(-4.0,-3.0)
:Sending Trackball (ACTION_MOVE): 0:(3.0,-2.0)
:Sending Trackball (ACTION_MOVE): 0:(-2.0,-5.0)
:Sending Trackball (ACTION_MOVE): 0:(-4.0,2.0)
:Sending Trackball (ACTION_MOVE): 0:(-1.0,-3.0)
:Sending Trackball (ACTION_MOVE): 0:(-3.0,-5.0)
:Sending Trackball (ACTION_MOVE): 0:(3.0,-4.0)
:Sending Trackball (ACTION_DOWN): 0:(0.0,0.0)
:Sending Trackball (ACTION_UP): 0:(0.0,0.0)
Sleeping for 500 milliseconds
:Sending Touch (ACTION_DOWN): 0:(306.0,1232.0)
:Sending Touch (ACTION_UP): 0:(306.6065,1222.5946)
Sleeping for 500 milliseconds
:Sending Key (ACTION_DOWN): 50    // KEYCODE_V
:Sending Key (ACTION_UP): 50    // KEYCODE_V
Sleeping for 500 milliseconds
:Sending Touch (ACTION_DOWN): 0:(627.0,1316.0)
:Sending Touch (ACTION_MOVE): 0:(622.73334,1312.5828)
:Sending Touch (ACTION_MOVE): 0:(620.78735,1302.3989)
:Sending Touch (ACTION_MOVE): 0:(618.8409,1285.889)
:Sending Touch (ACTION_MOVE): 0:(615.1103,1285.6443)
:Sending Touch (ACTION_MOVE): 0:(612.3602,1270.4026)
:Sending Touch (ACTION_MOVE): 0:(610.3615,1255.3633)
:Sending Touch (ACTION_MOVE): 0:(608.6484,1238.0516)
:Sending Touch (ACTION_MOVE): 0:(608.2183,1236.652)
:Sending Touch (ACTION_MOVE): 0:(603.7551,1227.0355)
:Sending Touch (ACTION_UP): 0:(602.6571,1214.8156)
Sleeping for 500 milliseconds
:Sending Touch (ACTION_DOWN): 0:(432.0,1167.0)
:Sending Touch (ACTION_UP): 0:(431.9327,1169.2097)
Sleeping for 500 milliseconds
:Sending Touch (ACTION_DOWN): 0:(84.0,1062.0)
:Sending Touch (ACTION_UP): 0:(90.60061,1051.135)
Sleeping for 500 milliseconds
:Sending Touch (ACTION_DOWN): 0:(381.0,771.0)
:Sending Touch (ACTION_UP): 0:(381.67697,777.1795)
Sleeping for 500 milliseconds
:Sending Touch (ACTION_DOWN): 0:(834.0,751.0)
:Sending Touch (ACTION_MOVE): 0:(837.1194,753.1336)
:Sending Touch (ACTION_MOVE): 0:(843.74866,756.06616)
:Sending Touch (ACTION_MOVE): 0:(851.41626,759.0852)
:Sending Touch (ACTION_MOVE): 0:(858.99615,759.17285)
:Sending Touch (ACTION_MOVE): 0:(872.436,762.6422)
:Sending Touch (ACTION_UP): 0:(892.25977,764.96136)
Sleeping for 500 milliseconds
:Sending Key (ACTION_DOWN): 3    // KEYCODE_HOME
:Sending Key (ACTION_UP): 3    // KEYCODE_HOME
    // Rejecting start of Intent { act=android.intent.action.MAIN cat=[android.intent.category.HOME] cmp=com.miui.home/.launcher.Launcher } in package com.miui.home
Sleeping for 500 milliseconds
:Sending Touch (ACTION_DOWN): 0:(863.0,321.0)
:Sending Touch (ACTION_UP): 0:(867.79944,321.2397)
Sleeping for 500 milliseconds
:Sending Trackball (ACTION_MOVE): 0:(-1.0,-5.0)
:Sending Trackball (ACTION_MOVE): 0:(4.0,-4.0)
:Sending Trackball (ACTION_MOVE): 0:(-2.0,-5.0)
:Sending Trackball (ACTION_MOVE): 0:(4.0,0.0)
:Sending Trackball (ACTION_MOVE): 0:(3.0,3.0)
:Sending Trackball (ACTION_MOVE): 0:(3.0,-2.0)
:Sending Trackball (ACTION_MOVE): 0:(-4.0,-5.0)
Events injected: 200
:Sending rotation degree=0, persist=false
:Dropped: keys=0 pointers=0 trackballs=0 flips=0 rotations=0
## Network stats: elapsed time=23640ms (0ms mobile, 0ms wifi, 23640ms not connected)
// Monkey finished
